"V:/Programms/__/Unreal Projects/MystCore/Content/FirstPerson/Meshes/BaseMaterial.uasset" 0
"V:/Programms/__/Unreal Projects/MystCore/Content/FirstPerson/Meshes/BaseMaterial.uexp" 1
"V:/Programms/__/Unreal Projects/MystCore/Content/FirstPerson/Meshes/CubeMaterialOverride.uasset" 2
"V:/Programms/__/Unreal Projects/MystCore/Content/FirstPerson/Meshes/CubeMaterialOverride.uexp" 3
"V:/Programms/__/Unreal Projects/MystCore/Content/FirstPerson/Textures/FirstPersonCrosshair.uasset" 4
"V:/Programms/__/Unreal Projects/MystCore/Content/FirstPerson/Textures/FirstPersonCrosshair.uexp" 5
"V:/Programms/__/Unreal Projects/MystCore/Content/FPWeapon/Materials/MaterialLayers/T_ML_FineRubber.uasset" 6
"V:/Programms/__/Unreal Projects/MystCore/Content/FPWeapon/Materials/MaterialLayers/T_ML_FineRubber.uexp" 7
"V:/Programms/__/Unreal Projects/MystCore/Content/FPWeapon/Materials/MaterialLayers/T_ML_FineRubber.ubulk" 8
"V:/Programms/__/Unreal Projects/MystCore/Content/Geometry/Meshes/CubeMaterial.uasset" 9
"V:/Programms/__/Unreal Projects/MystCore/Content/Geometry/Meshes/CubeMaterial.uexp" 10
"V:/Programms/__/Unreal Projects/MystCore/Content/Geometry/Meshes/1M_Cube_Chamfer.uasset" 11
"V:/Programms/__/Unreal Projects/MystCore/Content/Geometry/Meshes/1M_Cube_Chamfer.uexp" 12
"V:/Programms/__/Unreal Projects/MystCore/Content/Geometry/Meshes/TemplateFloor.uasset" 13
"V:/Programms/__/Unreal Projects/MystCore/Content/Geometry/Meshes/TemplateFloor.uexp" 14
"V:/Programms/__/Unreal Projects/MystCore/Content/FirstPerson/Character/Mesh/SK_Mannequin_Arms_Skeleton.uasset" 15
"V:/Programms/__/Unreal Projects/MystCore/Content/FirstPerson/Character/Mesh/SK_Mannequin_Arms_Skeleton.uexp" 16
"V:/Programms/__/Unreal Projects/MystCore/Content/FirstPerson/Character/Mesh/SK_Mannequin_Arms_Skeleton_Montage.uasset" 17
"V:/Programms/__/Unreal Projects/MystCore/Content/FirstPerson/Character/Mesh/SK_Mannequin_Arms_Skeleton_Montage.uexp" 18
"V:/Programms/__/Unreal Projects/MystCore/Content/FirstPerson/Character/Mesh/SK_Mannequin_Arms_Skeleton_Montage1.uasset" 19
"V:/Programms/__/Unreal Projects/MystCore/Content/FirstPerson/Character/Mesh/SK_Mannequin_Arms_Skeleton_Montage1.uexp" 20
"../../../Engine/Content/EditorLandscapeResources/WhiteSquareTexture.uasset" 21
"../../../Engine/Content/EditorLandscapeResources/WhiteSquareTexture.uexp" 22
"V:/Programms/__/Unreal Projects/MystCore/Content/Widgets/WBP_HUD.uasset" 23
"V:/Programms/__/Unreal Projects/MystCore/Content/Widgets/WBP_HUD.uexp" 24
"V:/Programms/__/Unreal Projects/MystCore/Content/FirstPerson/Animations/FirstPerson_JumpStart.uasset" 25
"V:/Programms/__/Unreal Projects/MystCore/Content/FirstPerson/Animations/FirstPerson_JumpStart.uexp" 26
"V:/Programms/__/Unreal Projects/MystCore/Content/FirstPerson/Animations/FirstPerson_JumpStart_Montage.uasset" 27
"V:/Programms/__/Unreal Projects/MystCore/Content/FirstPerson/Animations/FirstPerson_JumpStart_Montage.uexp" 28
"../../../Engine/Content/EditorBlueprintResources/StandardMacros.uasset" 29
"../../../Engine/Content/EditorBlueprintResources/StandardMacros.uexp" 30
"V:/Programms/__/Unreal Projects/MystCore/Content/FirstPerson/Animations/FirstPerson_Run.uasset" 31
"V:/Programms/__/Unreal Projects/MystCore/Content/FirstPerson/Animations/FirstPerson_Run.uexp" 32
"V:/Programms/__/Unreal Projects/MystCore/Content/FirstPerson/Animations/FirstPerson_JumpLoop.uasset" 33
"V:/Programms/__/Unreal Projects/MystCore/Content/FirstPerson/Animations/FirstPerson_JumpLoop.uexp" 34
"V:/Programms/__/Unreal Projects/MystCore/Content/FirstPerson/Animations/FirstPerson_JumpEnd.uasset" 35
"V:/Programms/__/Unreal Projects/MystCore/Content/FirstPerson/Animations/FirstPerson_JumpEnd.uexp" 36
"V:/Programms/__/Unreal Projects/MystCore/Content/FirstPerson/Animations/FirstPerson_Idle.uasset" 37
"V:/Programms/__/Unreal Projects/MystCore/Content/FirstPerson/Animations/FirstPerson_Idle.uexp" 38
"V:/Programms/__/Unreal Projects/MystCore/Content/FirstPerson/Animations/FirstPerson_AnimBP.uasset" 39
"V:/Programms/__/Unreal Projects/MystCore/Content/FirstPerson/Animations/FirstPerson_AnimBP.uexp" 40
"V:/Programms/__/Unreal Projects/MystCore/Content/FirstPerson/Animations/FirstPerson_Fire.uasset" 41
"V:/Programms/__/Unreal Projects/MystCore/Content/FirstPerson/Animations/FirstPerson_Fire.uexp" 42
"V:/Programms/__/Unreal Projects/MystCore/Content/FirstPerson/Animations/FirstPersonFire_Montage.uasset" 43
"V:/Programms/__/Unreal Projects/MystCore/Content/FirstPerson/Animations/FirstPersonFire_Montage.uexp" 44
"V:/Programms/__/Unreal Projects/MystCore/Content/FPWeapon/Mesh/SK_FPGun_Skeleton.uasset" 45
"V:/Programms/__/Unreal Projects/MystCore/Content/FPWeapon/Mesh/SK_FPGun_Skeleton.uexp" 46
"V:/Programms/__/Unreal Projects/MystCore/Content/FPWeapon/Mesh/SK_FPGun_PhysicsAsset.uasset" 47
"V:/Programms/__/Unreal Projects/MystCore/Content/FPWeapon/Mesh/SK_FPGun_PhysicsAsset.uexp" 48
"V:/Programms/__/Unreal Projects/MystCore/Content/FPWeapon/Textures/T_FPGun_N.uasset" 49
"V:/Programms/__/Unreal Projects/MystCore/Content/FPWeapon/Textures/T_FPGun_N.uexp" 50
"V:/Programms/__/Unreal Projects/MystCore/Content/FPWeapon/Textures/T_FPGun_N.ubulk" 51
"V:/Programms/__/Unreal Projects/MystCore/Content/FPWeapon/Textures/T_FPGun_M.uasset" 52
"V:/Programms/__/Unreal Projects/MystCore/Content/FPWeapon/Textures/T_FPGun_M.uexp" 53
"V:/Programms/__/Unreal Projects/MystCore/Content/FPWeapon/Textures/T_FPGun_M.ubulk" 54
"V:/Programms/__/Unreal Projects/MystCore/Content/FPWeapon/Materials/MaterialLayers/T_ML_Rubber_Blue_01_N.uasset" 55
"V:/Programms/__/Unreal Projects/MystCore/Content/FPWeapon/Materials/MaterialLayers/T_ML_Rubber_Blue_01_N.uexp" 56
"V:/Programms/__/Unreal Projects/MystCore/Content/FPWeapon/Materials/MaterialLayers/T_ML_Rubber_Blue_01_N.ubulk" 57
"V:/Programms/__/Unreal Projects/MystCore/Content/FPWeapon/Materials/MaterialLayers/T_ML_Rubber_Blue_01_D.uasset" 58
"V:/Programms/__/Unreal Projects/MystCore/Content/FPWeapon/Materials/MaterialLayers/T_ML_Rubber_Blue_01_D.uexp" 59
"V:/Programms/__/Unreal Projects/MystCore/Content/FPWeapon/Materials/MaterialLayers/T_ML_Rubber_Blue_01_D.ubulk" 60
"V:/Programms/__/Unreal Projects/MystCore/Content/FPWeapon/Materials/MaterialLayers/T_ML_Aluminum01_N.uasset" 61
"V:/Programms/__/Unreal Projects/MystCore/Content/FPWeapon/Materials/MaterialLayers/T_ML_Aluminum01_N.uexp" 62
"V:/Programms/__/Unreal Projects/MystCore/Content/FPWeapon/Materials/MaterialLayers/T_ML_Aluminum01_N.ubulk" 63
"V:/Programms/__/Unreal Projects/MystCore/Content/FPWeapon/Materials/MaterialLayers/T_ML_Aluminum01.uasset" 64
"V:/Programms/__/Unreal Projects/MystCore/Content/FPWeapon/Materials/MaterialLayers/T_ML_Aluminum01.uexp" 65
"V:/Programms/__/Unreal Projects/MystCore/Content/FPWeapon/Materials/MaterialLayers/T_ML_Aluminum01.ubulk" 66
"V:/Programms/__/Unreal Projects/MystCore/Content/FPWeapon/Materials/MaterialLayers/ML_SoftMetal_UE4.uasset" 67
"V:/Programms/__/Unreal Projects/MystCore/Content/FPWeapon/Materials/MaterialLayers/ML_SoftMetal_UE4.uexp" 68
"V:/Programms/__/Unreal Projects/MystCore/Content/FPWeapon/Materials/MaterialLayers/ML_Screen.uasset" 69
"V:/Programms/__/Unreal Projects/MystCore/Content/FPWeapon/Materials/MaterialLayers/ML_Screen.uexp" 70
"V:/Programms/__/Unreal Projects/MystCore/Content/FPWeapon/Materials/MaterialLayers/ML_Plastic_Shiny_Beige.uasset" 71
"V:/Programms/__/Unreal Projects/MystCore/Content/FPWeapon/Materials/MaterialLayers/ML_Plastic_Shiny_Beige.uexp" 72
"V:/Programms/__/Unreal Projects/MystCore/Content/FPWeapon/Materials/MaterialLayers/ML_GlossyBlack_Latex_UE4.uasset" 73
"V:/Programms/__/Unreal Projects/MystCore/Content/FPWeapon/Materials/MaterialLayers/ML_GlossyBlack_Latex_UE4.uexp" 74
"../../../Engine/Content/Functions/MaterialLayerFunctions/MatLayerBlend_Simple.uasset" 75
"../../../Engine/Content/Functions/MaterialLayerFunctions/MatLayerBlend_Simple.uexp" 76
"../../../Engine/Content/Functions/Engine_MaterialFunctions02/Utility/BlendAngleCorrectedNormals.uasset" 77
"../../../Engine/Content/Functions/Engine_MaterialFunctions02/Utility/BlendAngleCorrectedNormals.uexp" 78
"../../../Engine/Content/Functions/MaterialLayerFunctions/MatLayerBlend_NormalBlend.uasset" 79
"../../../Engine/Content/Functions/MaterialLayerFunctions/MatLayerBlend_NormalBlend.uexp" 80
"V:/Programms/__/Unreal Projects/MystCore/Content/FPWeapon/Materials/M_FPGun.uasset" 81
"V:/Programms/__/Unreal Projects/MystCore/Content/FPWeapon/Materials/M_FPGun.uexp" 82
"V:/Programms/__/Unreal Projects/MystCore/Content/FPWeapon/Mesh/SK_FPGun.uasset" 83
"V:/Programms/__/Unreal Projects/MystCore/Content/FPWeapon/Mesh/SK_FPGun.uexp" 84
"V:/Programms/__/Unreal Projects/MystCore/Content/FirstPerson/Meshes/FirstPersonProjectileMaterial.uasset" 85
"V:/Programms/__/Unreal Projects/MystCore/Content/FirstPerson/Meshes/FirstPersonProjectileMaterial.uexp" 86
"V:/Programms/__/Unreal Projects/MystCore/Content/FirstPerson/Meshes/FirstPersonProjectileMesh.uasset" 87
"V:/Programms/__/Unreal Projects/MystCore/Content/FirstPerson/Meshes/FirstPersonProjectileMesh.uexp" 88
"V:/Programms/__/Unreal Projects/MystCore/Content/FirstPersonCPP/Blueprints/FirstPersonProjectile.uasset" 89
"V:/Programms/__/Unreal Projects/MystCore/Content/FirstPersonCPP/Blueprints/FirstPersonProjectile.uexp" 90
"V:/Programms/__/Unreal Projects/MystCore/Content/FirstPerson/Character/Mesh/SK_Mannequin_Arms_PhysicsAsset.uasset" 91
"V:/Programms/__/Unreal Projects/MystCore/Content/FirstPerson/Character/Mesh/SK_Mannequin_Arms_PhysicsAsset.uexp" 92
"V:/Programms/__/Unreal Projects/MystCore/Content/FirstPerson/Character/Textures/UE4_Mannequin_MAT_MASKA.uasset" 93
"V:/Programms/__/Unreal Projects/MystCore/Content/FirstPerson/Character/Textures/UE4_Mannequin_MAT_MASKA.uexp" 94
"V:/Programms/__/Unreal Projects/MystCore/Content/FirstPerson/Character/Textures/UE4_Mannequin_MAT_MASKA.ubulk" 95
"V:/Programms/__/Unreal Projects/MystCore/Content/FirstPerson/Character/Textures/UE4_Mannequin__normals.uasset" 96
"V:/Programms/__/Unreal Projects/MystCore/Content/FirstPerson/Character/Textures/UE4_Mannequin__normals.uexp" 97
"V:/Programms/__/Unreal Projects/MystCore/Content/FirstPerson/Character/Textures/UE4_Mannequin__normals.ubulk" 98
"V:/Programms/__/Unreal Projects/MystCore/Content/FirstPerson/Character/Materials/MaterialLayers/T_ML_Aluminum01_N.uasset" 99
"V:/Programms/__/Unreal Projects/MystCore/Content/FirstPerson/Character/Materials/MaterialLayers/T_ML_Aluminum01_N.uexp" 100
"V:/Programms/__/Unreal Projects/MystCore/Content/FirstPerson/Character/Materials/MaterialLayers/T_ML_Aluminum01_N.ubulk" 101
"V:/Programms/__/Unreal Projects/MystCore/Content/FirstPerson/Character/Materials/MaterialLayers/T_ML_Aluminum01.uasset" 102
"V:/Programms/__/Unreal Projects/MystCore/Content/FirstPerson/Character/Materials/MaterialLayers/T_ML_Aluminum01.uexp" 103
"V:/Programms/__/Unreal Projects/MystCore/Content/FirstPerson/Character/Materials/MaterialLayers/T_ML_Aluminum01.ubulk" 104
"V:/Programms/__/Unreal Projects/MystCore/Content/FirstPerson/Character/Materials/MaterialLayers/ML_SoftMetal_UE4.uasset" 105
"V:/Programms/__/Unreal Projects/MystCore/Content/FirstPerson/Character/Materials/MaterialLayers/ML_SoftMetal_UE4.uexp" 106
"V:/Programms/__/Unreal Projects/MystCore/Content/FirstPerson/Character/Textures/UE4_LOGO_CARD.uasset" 107
"V:/Programms/__/Unreal Projects/MystCore/Content/FirstPerson/Character/Textures/UE4_LOGO_CARD.uexp" 108
"V:/Programms/__/Unreal Projects/MystCore/Content/FirstPerson/Character/Textures/UE4_LOGO_CARD.ubulk" 109
"V:/Programms/__/Unreal Projects/MystCore/Content/FirstPerson/Character/Materials/MaterialLayers/ML_Plastic_Shiny_Beige_LOGO.uasset" 110
"V:/Programms/__/Unreal Projects/MystCore/Content/FirstPerson/Character/Materials/MaterialLayers/ML_Plastic_Shiny_Beige_LOGO.uexp" 111
"V:/Programms/__/Unreal Projects/MystCore/Content/FirstPerson/Character/Materials/MaterialLayers/ML_Plastic_Shiny_Beige.uasset" 112
"V:/Programms/__/Unreal Projects/MystCore/Content/FirstPerson/Character/Materials/MaterialLayers/ML_Plastic_Shiny_Beige.uexp" 113
"V:/Programms/__/Unreal Projects/MystCore/Content/FirstPerson/Character/Materials/MaterialLayers/T_ML_Rubber_Blue_01_N.uasset" 114
"V:/Programms/__/Unreal Projects/MystCore/Content/FirstPerson/Character/Materials/MaterialLayers/T_ML_Rubber_Blue_01_N.uexp" 115
"V:/Programms/__/Unreal Projects/MystCore/Content/FirstPerson/Character/Materials/MaterialLayers/T_ML_Rubber_Blue_01_N.ubulk" 116
"V:/Programms/__/Unreal Projects/MystCore/Content/FirstPerson/Character/Materials/MaterialLayers/T_ML_Rubber_Blue_01_D.uasset" 117
"V:/Programms/__/Unreal Projects/MystCore/Content/FirstPerson/Character/Materials/MaterialLayers/T_ML_Rubber_Blue_01_D.uexp" 118
"V:/Programms/__/Unreal Projects/MystCore/Content/FirstPerson/Character/Materials/MaterialLayers/T_ML_Rubber_Blue_01_D.ubulk" 119
"V:/Programms/__/Unreal Projects/MystCore/Content/FirstPerson/Character/Materials/MaterialLayers/ML_GlossyBlack_Latex_UE4.uasset" 120
"V:/Programms/__/Unreal Projects/MystCore/Content/FirstPerson/Character/Materials/MaterialLayers/ML_GlossyBlack_Latex_UE4.uexp" 121
"V:/Programms/__/Unreal Projects/MystCore/Content/FirstPerson/Character/Materials/M_UE4Man_Body.uasset" 122
"V:/Programms/__/Unreal Projects/MystCore/Content/FirstPerson/Character/Materials/M_UE4Man_Body.uexp" 123
"V:/Programms/__/Unreal Projects/MystCore/Content/FirstPerson/Character/Mesh/SK_Mannequin_Arms.uasset" 124
"V:/Programms/__/Unreal Projects/MystCore/Content/FirstPerson/Character/Mesh/SK_Mannequin_Arms.uexp" 125
"V:/Programms/__/Unreal Projects/MystCore/Content/FirstPerson/Audio/FirstPersonTemplateWeaponFire02.uasset" 126
"V:/Programms/__/Unreal Projects/MystCore/Content/FirstPerson/Audio/FirstPersonTemplateWeaponFire02.uexp" 127
"V:/Programms/__/Unreal Projects/MystCore/Content/FirstPersonCPP/Blueprints/FirstPersonCharacter.uasset" 128
"V:/Programms/__/Unreal Projects/MystCore/Content/FirstPersonCPP/Blueprints/FirstPersonCharacter.uexp" 129
"V:/Programms/__/Unreal Projects/MystCore/Content/Props/Vinyl/vinyl_flat_vinyl_Normal.uasset" 130
"V:/Programms/__/Unreal Projects/MystCore/Content/Props/Vinyl/vinyl_flat_vinyl_Normal.uexp" 131
"V:/Programms/__/Unreal Projects/MystCore/Content/Props/Vinyl/vinyl_flat_vinyl_Normal.ubulk" 132
"V:/Programms/__/Unreal Projects/MystCore/Content/Props/Vinyl/vinyl_flat_vinyl_Albedo.uasset" 133
"V:/Programms/__/Unreal Projects/MystCore/Content/Props/Vinyl/vinyl_flat_vinyl_Albedo.uexp" 134
"V:/Programms/__/Unreal Projects/MystCore/Content/Props/Vinyl/vinyl_flat_vinyl_Albedo.ubulk" 135
"V:/Programms/__/Unreal Projects/MystCore/Content/Props/Vinyl/vinyl.uasset" 136
"V:/Programms/__/Unreal Projects/MystCore/Content/Props/Vinyl/vinyl.uexp" 137
"V:/Programms/__/Unreal Projects/MystCore/Content/Props/Vinyl/vinyl_flat_Mat_1_Albedo.uasset" 138
"V:/Programms/__/Unreal Projects/MystCore/Content/Props/Vinyl/vinyl_flat_Mat_1_Albedo.uexp" 139
"V:/Programms/__/Unreal Projects/MystCore/Content/Props/Vinyl/vinyl_flat_Mat_1_Albedo.ubulk" 140
"V:/Programms/__/Unreal Projects/MystCore/Content/Props/Vinyl/Mat_1.uasset" 141
"V:/Programms/__/Unreal Projects/MystCore/Content/Props/Vinyl/Mat_1.uexp" 142
"V:/Programms/__/Unreal Projects/MystCore/Content/Props/Vinyl/vinyl_flat_blackness_Normal.uasset" 143
"V:/Programms/__/Unreal Projects/MystCore/Content/Props/Vinyl/vinyl_flat_blackness_Normal.uexp" 144
"V:/Programms/__/Unreal Projects/MystCore/Content/Props/Vinyl/vinyl_flat_blackness_Normal.ubulk" 145
"V:/Programms/__/Unreal Projects/MystCore/Content/Props/Vinyl/vinyl_flat_blackness_Metalness.uasset" 146
"V:/Programms/__/Unreal Projects/MystCore/Content/Props/Vinyl/vinyl_flat_blackness_Metalness.uexp" 147
"V:/Programms/__/Unreal Projects/MystCore/Content/Props/Vinyl/vinyl_flat_blackness_Metalness.ubulk" 148
"V:/Programms/__/Unreal Projects/MystCore/Content/Props/Vinyl/vinyl_flat_blackness_Albedo.uasset" 149
"V:/Programms/__/Unreal Projects/MystCore/Content/Props/Vinyl/vinyl_flat_blackness_Albedo.uexp" 150
"V:/Programms/__/Unreal Projects/MystCore/Content/Props/Vinyl/vinyl_flat_blackness_Albedo.ubulk" 151
"V:/Programms/__/Unreal Projects/MystCore/Content/Props/Vinyl/blackness.uasset" 152
"V:/Programms/__/Unreal Projects/MystCore/Content/Props/Vinyl/blackness.uexp" 153
"V:/Programms/__/Unreal Projects/MystCore/Content/Props/Vinyl/vinyl_disk.uasset" 154
"V:/Programms/__/Unreal Projects/MystCore/Content/Props/Vinyl/vinyl_disk.uexp" 155
"../../../Engine/Content/Animation/DefaultAnimBoneCompressionSettings.uasset" 156
"../../../Engine/Content/Animation/DefaultAnimBoneCompressionSettings.uexp" 157
"../../../Engine/Content/Animation/DefaultAnimCurveCompressionSettings.uasset" 158
"../../../Engine/Content/Animation/DefaultAnimCurveCompressionSettings.uexp" 159
"../../../Engine/Content/EngineMaterials/T_Default_Material_Grid_N.uasset" 160
"../../../Engine/Content/EngineMaterials/T_Default_Material_Grid_N.uexp" 161
"../../../Engine/Content/EngineMaterials/T_Default_Material_Grid_N.ubulk" 162
"../../../Engine/Content/EngineMaterials/T_Default_Material_Grid_M.uasset" 163
"../../../Engine/Content/EngineMaterials/T_Default_Material_Grid_M.uexp" 164
"../../../Engine/Content/EngineMaterials/T_Default_Material_Grid_M.ubulk" 165
"../../../Engine/Content/Functions/Engine_MaterialFunctions01/Opacity/CameraDepthFade.uasset" 166
"../../../Engine/Content/Functions/Engine_MaterialFunctions01/Opacity/CameraDepthFade.uexp" 167
"../../../Engine/Content/EngineMaterials/WorldGridMaterial.uasset" 168
"../../../Engine/Content/EngineMaterials/WorldGridMaterial.uexp" 169
"../../../Engine/Content/ArtTools/RenderToTexture/Meshes/S_1_Unit_Plane.uasset" 170
"../../../Engine/Content/ArtTools/RenderToTexture/Meshes/S_1_Unit_Plane.uexp" 171
"../../../Engine/Content/EngineMaterials/DefaultMaterial.uasset" 172
"../../../Engine/Content/EngineMaterials/DefaultMaterial.uexp" 173
"../../../Engine/Content/BasicShapes/Cone.uasset" 174
"../../../Engine/Content/BasicShapes/Cone.uexp" 175
"../../../Engine/Content/BasicShapes/Plane.uasset" 176
"../../../Engine/Content/BasicShapes/Plane.uexp" 177
"../../../Engine/Content/BasicShapes/Sphere.uasset" 178
"../../../Engine/Content/BasicShapes/Sphere.uexp" 179
"../../../Engine/Content/EditorLandscapeResources/DataLayer.uasset" 180
"../../../Engine/Content/EditorLandscapeResources/DataLayer.uexp" 181
"../../../Engine/Content/EditorLandscapeResources/DefaultAlphaTexture.uasset" 182
"../../../Engine/Content/EditorLandscapeResources/DefaultAlphaTexture.uexp" 183
"../../../Engine/Content/EditorMaterials/MAT_Groups_Toggle.uasset" 184
"../../../Engine/Content/EditorMaterials/MAT_Groups_Toggle.uexp" 185
"../../../Engine/Content/EditorMaterials/MAT_Groups_Visibility.uasset" 186
"../../../Engine/Content/EditorMaterials/MAT_Groups_Visibility.uexp" 187
"../../../Engine/Content/EditorMaterials/PreviewShadowIndicator.uasset" 188
"../../../Engine/Content/EditorMaterials/PreviewShadowIndicator.uexp" 189
"../../../Engine/Content/EditorMaterials/PreviewShadowIndicator.ubulk" 190
"../../../Engine/Content/EditorMaterials/PreviewShadowIndicatorMaterial.uasset" 191
"../../../Engine/Content/EditorMaterials/PreviewShadowIndicatorMaterial.uexp" 192
"../../../Engine/Content/EditorMaterials/MatineeGroups/MAT_ColorTrack.uasset" 193
"../../../Engine/Content/EditorMaterials/MatineeGroups/MAT_ColorTrack.uexp" 194
"../../../Engine/Content/EditorMaterials/MatineeGroups/MAT_Groups_Anim.uasset" 195
"../../../Engine/Content/EditorMaterials/MatineeGroups/MAT_Groups_Anim.uexp" 196
"../../../Engine/Content/EditorMaterials/MatineeGroups/MAT_Groups_AudioMaster.uasset" 197
"../../../Engine/Content/EditorMaterials/MatineeGroups/MAT_Groups_AudioMaster.uexp" 198
"../../../Engine/Content/EditorMaterials/MatineeGroups/MAT_Groups_Director.uasset" 199
"../../../Engine/Content/EditorMaterials/MatineeGroups/MAT_Groups_Director.uexp" 200
"../../../Engine/Content/EditorMaterials/MatineeGroups/MAT_Groups_Event.uasset" 201
"../../../Engine/Content/EditorMaterials/MatineeGroups/MAT_Groups_Event.uexp" 202
"../../../Engine/Content/EditorMaterials/MatineeGroups/MAT_Groups_Fade.uasset" 203
"../../../Engine/Content/EditorMaterials/MatineeGroups/MAT_Groups_Fade.uexp" 204
"../../../Engine/Content/EditorMaterials/MatineeGroups/MAT_Groups_Float.uasset" 205
"../../../Engine/Content/EditorMaterials/MatineeGroups/MAT_Groups_Float.uexp" 206
"../../../Engine/Content/EditorMaterials/MatineeGroups/MAT_Groups_Move.uasset" 207
"../../../Engine/Content/EditorMaterials/MatineeGroups/MAT_Groups_Move.uexp" 208
"../../../Engine/Content/EditorMaterials/MatineeGroups/MAT_Groups_Slomo.uasset" 209
"../../../Engine/Content/EditorMaterials/MatineeGroups/MAT_Groups_Slomo.uexp" 210
"../../../Engine/Content/EditorMaterials/MatineeGroups/MAT_Groups_Sound.uasset" 211
"../../../Engine/Content/EditorMaterials/MatineeGroups/MAT_Groups_Sound.uexp" 212
"../../../Engine/Content/EditorMaterials/MatineeGroups/MAT_Groups_Vector.uasset" 213
"../../../Engine/Content/EditorMaterials/MatineeGroups/MAT_Groups_Vector.uexp" 214
"../../../Engine/Content/EditorMaterials/ParticleSystems/PSysThumbnail_NoImage.uasset" 215
"../../../Engine/Content/EditorMaterials/ParticleSystems/PSysThumbnail_NoImage.uexp" 216
"../../../Engine/Content/EditorMaterials/ParticleSystems/PSysThumbnail_NoImage.ubulk" 217
"../../../Engine/Content/EditorMaterials/ParticleSystems/PSysThumbnail_OOD.uasset" 218
"../../../Engine/Content/EditorMaterials/ParticleSystems/PSysThumbnail_OOD.uexp" 219
"../../../Engine/Content/EditorMaterials/ParticleSystems/PSysThumbnail_OOD.ubulk" 220
"../../../Engine/Content/EditorMaterials/Camera/CineMat.uasset" 221
"../../../Engine/Content/EditorMaterials/Camera/CineMat.uexp" 222
"../../../Engine/Content/EditorMaterials/Camera/MI_CineMat_Rig.uasset" 223
"../../../Engine/Content/EditorMaterials/Camera/MI_CineMat_Rig.uexp" 224
"../../../Engine/Content/EditorMeshes/Camera/SM_CraneRig_Arm.uasset" 225
"../../../Engine/Content/EditorMeshes/Camera/SM_CraneRig_Arm.uexp" 226
"../../../Engine/Content/EditorMeshes/Camera/SM_CraneRig_Base.uasset" 227
"../../../Engine/Content/EditorMeshes/Camera/SM_CraneRig_Base.uexp" 228
"../../../Engine/Content/EditorMeshes/Camera/SM_CraneRig_Body.uasset" 229
"../../../Engine/Content/EditorMeshes/Camera/SM_CraneRig_Body.uexp" 230
"../../../Engine/Content/EditorMeshes/Camera/SM_CraneRig_Mount.uasset" 231
"../../../Engine/Content/EditorMeshes/Camera/SM_CraneRig_Mount.uexp" 232
"../../../Engine/Content/EditorMeshes/Camera/SM_RailRig_Mount.uasset" 233
"../../../Engine/Content/EditorMeshes/Camera/SM_RailRig_Mount.uexp" 234
"../../../Engine/Content/EditorMeshes/Camera/SM_RailRig_Track.uasset" 235
"../../../Engine/Content/EditorMeshes/Camera/SM_RailRig_Track.uexp" 236
"../../../Engine/Content/EditorResources/BSPVertex.uasset" 237
"../../../Engine/Content/EditorResources/BSPVertex.uexp" 238
"../../../Engine/Content/EditorResources/EmptyActor.uasset" 239
"../../../Engine/Content/EditorResources/EmptyActor.uexp" 240
"../../../Engine/Content/EditorResources/S_Actor.uasset" 241
"../../../Engine/Content/EditorResources/S_Actor.uexp" 242
"../../../Engine/Content/EditorResources/S_Actor.ubulk" 243
"../../../Engine/Content/EditorResources/S_Note.uasset" 244
"../../../Engine/Content/EditorResources/S_Note.uexp" 245
"../../../Engine/Content/EditorResources/S_Note.ubulk" 246
"../../../Engine/Content/EditorResources/S_Solver.uasset" 247
"../../../Engine/Content/EditorResources/S_Solver.uexp" 248
"../../../Engine/Content/EditorResources/S_Solver.ubulk" 249
"../../../Engine/Content/EditorResources/S_Terrain.uasset" 250
"../../../Engine/Content/EditorResources/S_Terrain.uexp" 251
"../../../Engine/Content/EditorResources/S_Terrain.ubulk" 252
"../../../Engine/Content/EditorResources/S_Trigger.uasset" 253
"../../../Engine/Content/EditorResources/S_Trigger.uexp" 254
"../../../Engine/Content/EditorResources/S_Trigger.ubulk" 255
"../../../Engine/Content/EditorResources/LightIcons/S_LightError.uasset" 256
"../../../Engine/Content/EditorResources/LightIcons/S_LightError.uexp" 257
"../../../Engine/Content/EditorResources/SequenceRecorder/Countdown.uasset" 258
"../../../Engine/Content/EditorResources/SequenceRecorder/Countdown.uexp" 259
"../../../Engine/Content/EditorResources/SequenceRecorder/RecordingIndicator.uasset" 260
"../../../Engine/Content/EditorResources/SequenceRecorder/RecordingIndicator.uexp" 261
"../../../Engine/Content/EngineDamageTypes/DmgTypeBP_Environmental.uasset" 262
"../../../Engine/Content/EngineDamageTypes/DmgTypeBP_Environmental.uexp" 263
"../../../Engine/Content/EngineDebugMaterials/DebugEditorMaterial.uasset" 264
"../../../Engine/Content/EngineDebugMaterials/DebugEditorMaterial.uexp" 265
"../../../Engine/Content/EngineDebugMaterials/DebugMeshMaterial.uasset" 266
"../../../Engine/Content/EngineDebugMaterials/DebugMeshMaterial.uexp" 267
"../../../Engine/Content/EngineDebugMaterials/M_SimpleUnlitTranslucent.uasset" 268
"../../../Engine/Content/EngineDebugMaterials/M_SimpleUnlitTranslucent.uexp" 269
"../../../Engine/Content/EngineDebugMaterials/VolumeToRender.uasset" 270
"../../../Engine/Content/EngineDebugMaterials/VolumeToRender.uexp" 271
"../../../Engine/Content/Functions/Engine_MaterialFunctions02/Utility/CameraDirectionVector.uasset" 272
"../../../Engine/Content/Functions/Engine_MaterialFunctions02/Utility/CameraDirectionVector.uexp" 273
"../../../Engine/Content/EngineDebugMaterials/M_VolumeRenderSphereTracePP.uasset" 274
"../../../Engine/Content/EngineDebugMaterials/M_VolumeRenderSphereTracePP.uexp" 275
"../../../Engine/Content/Functions/Engine_MaterialFunctions01/Shading/ConvertFromDiffSpec.uasset" 276
"../../../Engine/Content/Functions/Engine_MaterialFunctions01/Shading/ConvertFromDiffSpec.uexp" 277
"../../../Engine/Content/EngineDebugMaterials/VertexColorMaterial.uasset" 278
"../../../Engine/Content/EngineDebugMaterials/VertexColorMaterial.uexp" 279
"../../../Engine/Content/EngineDebugMaterials/WireframeMaterial.uasset" 280
"../../../Engine/Content/EngineDebugMaterials/WireframeMaterial.uexp" 281
"../../../Engine/Content/EngineFonts/Faces/RobotoRegular.uasset" 282
"../../../Engine/Content/EngineFonts/Faces/RobotoRegular.uexp" 283
"../../../Engine/Content/EngineFonts/Faces/RobotoRegular.ufont" 284
"../../../Engine/Content/EngineFonts/Faces/RobotoLight.uasset" 285
"../../../Engine/Content/EngineFonts/Faces/RobotoLight.uexp" 286
"../../../Engine/Content/EngineFonts/Faces/RobotoLight.ufont" 287
"../../../Engine/Content/EngineFonts/Faces/RobotoItalic.uasset" 288
"../../../Engine/Content/EngineFonts/Faces/RobotoItalic.uexp" 289
"../../../Engine/Content/EngineFonts/Faces/RobotoItalic.ufont" 290
"../../../Engine/Content/EngineFonts/Faces/RobotoBoldItalic.uasset" 291
"../../../Engine/Content/EngineFonts/Faces/RobotoBoldItalic.uexp" 292
"../../../Engine/Content/EngineFonts/Faces/RobotoBoldItalic.ufont" 293
"../../../Engine/Content/EngineFonts/Faces/RobotoBold.uasset" 294
"../../../Engine/Content/EngineFonts/Faces/RobotoBold.uexp" 295
"../../../Engine/Content/EngineFonts/Faces/RobotoBold.ufont" 296
"../../../Engine/Content/EngineFonts/Faces/DroidSansFallback.uasset" 297
"../../../Engine/Content/EngineFonts/Faces/DroidSansFallback.uexp" 298
"../../../Engine/Content/EngineFonts/Faces/DroidSansFallback.ufont" 299
"../../../Engine/Content/EngineFonts/Roboto.uasset" 300
"../../../Engine/Content/EngineFonts/Roboto.uexp" 301
"../../../Engine/Content/EngineMaterials/BaseFlattenNormalMap.uasset" 302
"../../../Engine/Content/EngineMaterials/BaseFlattenNormalMap.uexp" 303
"../../../Engine/Content/EngineMaterials/BaseFlattenGrayscaleMap.uasset" 304
"../../../Engine/Content/EngineMaterials/BaseFlattenGrayscaleMap.uexp" 305
"../../../Engine/Content/EngineMaterials/BaseFlattenEmissiveMap.uasset" 306
"../../../Engine/Content/EngineMaterials/BaseFlattenEmissiveMap.uexp" 307
"../../../Engine/Content/EngineMaterials/BaseFlattenDiffuseMap.uasset" 308
"../../../Engine/Content/EngineMaterials/BaseFlattenDiffuseMap.uexp" 309
"../../../Engine/Content/EngineMaterials/BaseFlattenMaterial.uasset" 310
"../../../Engine/Content/EngineMaterials/BaseFlattenMaterial.uexp" 311
"../../../Engine/Content/EngineMaterials/BlueNoise.uasset" 312
"../../../Engine/Content/EngineMaterials/BlueNoise.uexp" 313
"../../../Engine/Content/EngineMaterials/DefaultBloomKernel.uasset" 314
"../../../Engine/Content/EngineMaterials/DefaultBloomKernel.uexp" 315
"../../../Engine/Content/EngineMaterials/DefaultBokeh.uasset" 316
"../../../Engine/Content/EngineMaterials/DefaultBokeh.uexp" 317
"../../../Engine/Content/EngineMaterials/DefaultDiffuse.uasset" 318
"../../../Engine/Content/EngineMaterials/DefaultDiffuse.uexp" 319
"../../../Engine/Content/EngineMaterials/DefaultDiffuse.ubulk" 320
"../../../Engine/Content/EngineMaterials/DefaultDeferredDecalMaterial.uasset" 321
"../../../Engine/Content/EngineMaterials/DefaultDeferredDecalMaterial.uexp" 322
"../../../Engine/Content/EngineMaterials/DefaultLightFunctionMaterial.uasset" 323
"../../../Engine/Content/EngineMaterials/DefaultLightFunctionMaterial.uexp" 324
"../../../Engine/Content/EngineMaterials/DefaultPhysicalMaterial.uasset" 325
"../../../Engine/Content/EngineMaterials/DefaultPhysicalMaterial.uexp" 326
"../../../Engine/Content/Functions/Engine_MaterialFunctions02/Utility/BreakOutFloat2Components.uasset" 327
"../../../Engine/Content/Functions/Engine_MaterialFunctions02/Utility/BreakOutFloat2Components.uexp" 328
"../../../Engine/Content/EngineMaterials/DefaultPostProcessMaterial.uasset" 329
"../../../Engine/Content/EngineMaterials/DefaultPostProcessMaterial.uexp" 330
"../../../Engine/Content/EngineFonts/RobotoDistanceField.uasset" 331
"../../../Engine/Content/EngineFonts/RobotoDistanceField.uexp" 332
"../../../Engine/Content/EngineMaterials/DefaultTextMaterialOpaque.uasset" 333
"../../../Engine/Content/EngineMaterials/DefaultTextMaterialOpaque.uexp" 334
"../../../Engine/Content/EngineMaterials/DefaultWhiteGrid.uasset" 335
"../../../Engine/Content/EngineMaterials/DefaultWhiteGrid.uexp" 336
"../../../Engine/Content/EngineMaterials/DefaultWhiteGrid.ubulk" 337
"../../../Engine/Content/EngineMaterials/DefaultWhiteGrid_Low.uasset" 338
"../../../Engine/Content/EngineMaterials/DefaultWhiteGrid_Low.uexp" 339
"../../../Engine/Content/EngineMaterials/EmissiveMeshMaterial.uasset" 340
"../../../Engine/Content/EngineMaterials/EmissiveMeshMaterial.uexp" 341
"../../../Engine/Content/EngineMaterials/GizmoMaterial.uasset" 342
"../../../Engine/Content/EngineMaterials/GizmoMaterial.uexp" 343
"../../../Engine/Content/EngineMaterials/Good64x64TilingNoiseHighFreq.uasset" 344
"../../../Engine/Content/EngineMaterials/Good64x64TilingNoiseHighFreq.uexp" 345
"../../../Engine/Content/EngineMaterials/MiniFont.uasset" 346
"../../../Engine/Content/EngineMaterials/MiniFont.uexp" 347
"../../../Engine/Content/EngineMaterials/InvalidLightmapSettings.uasset" 348
"../../../Engine/Content/EngineMaterials/InvalidLightmapSettings.uexp" 349
"../../../Engine/Content/EngineMaterials/InvalidLightmapSettings.ubulk" 350
"../../../Engine/Content/EngineMaterials/M_InvalidLightmapSettings.uasset" 351
"../../../Engine/Content/EngineMaterials/M_InvalidLightmapSettings.uexp" 352
"../../../Engine/Content/Functions/Engine_MaterialFunctions02/WorldPositionOffset/CameraOffset.uasset" 353
"../../../Engine/Content/Functions/Engine_MaterialFunctions02/WorldPositionOffset/CameraOffset.uexp" 354
"../../../Engine/Content/EngineMaterials/PhAT_JointLimitMaterial.uasset" 355
"../../../Engine/Content/EngineMaterials/PhAT_JointLimitMaterial.uexp" 356
"../../../Engine/Content/EngineMaterials/DefaultCalibrationColor.uasset" 357
"../../../Engine/Content/EngineMaterials/DefaultCalibrationColor.uexp" 358
"../../../Engine/Content/EngineMaterials/PPM_DefaultCalibrationColor.uasset" 359
"../../../Engine/Content/EngineMaterials/PPM_DefaultCalibrationColor.uexp" 360
"../../../Engine/Content/EngineMaterials/DefaultCalibrationGrayscale.uasset" 361
"../../../Engine/Content/EngineMaterials/DefaultCalibrationGrayscale.uexp" 362
"../../../Engine/Content/EngineMaterials/PPM_DefaultCalibrationGrayscale.uasset" 363
"../../../Engine/Content/EngineMaterials/PPM_DefaultCalibrationGrayscale.uexp" 364
"../../../Engine/Content/EngineMaterials/PreintegratedSkinBRDF.uasset" 365
"../../../Engine/Content/EngineMaterials/PreintegratedSkinBRDF.uexp" 366
"../../../Engine/Content/EngineMaterials/RemoveSurfaceMaterial.uasset" 367
"../../../Engine/Content/EngineMaterials/RemoveSurfaceMaterial.uexp" 368
"../../../Engine/Content/EngineMaterials/WeightMapPlaceholderTexture.uasset" 369
"../../../Engine/Content/EngineMaterials/WeightMapPlaceholderTexture.uexp" 370
"../../../Engine/Content/EngineResources/WhiteSquareTexture.uasset" 371
"../../../Engine/Content/EngineResources/WhiteSquareTexture.uexp" 372
"../../../Engine/Content/EngineMaterials/Widget3DPassThrough.uasset" 373
"../../../Engine/Content/EngineMaterials/Widget3DPassThrough.uexp" 374
"../../../Engine/Content/EngineMaterials/Widget3DPassThrough_Masked.uasset" 375
"../../../Engine/Content/EngineMaterials/Widget3DPassThrough_Masked.uexp" 376
"../../../Engine/Content/EngineMaterials/Widget3DPassThrough_Opaque.uasset" 377
"../../../Engine/Content/EngineMaterials/Widget3DPassThrough_Opaque.uexp" 378
"../../../Engine/Content/EngineMaterials/Widget3DPassThrough_Masked_OneSided.uasset" 379
"../../../Engine/Content/EngineMaterials/Widget3DPassThrough_Masked_OneSided.uexp" 380
"../../../Engine/Content/EngineMaterials/Widget3DPassThrough_Opaque_OneSided.uasset" 381
"../../../Engine/Content/EngineMaterials/Widget3DPassThrough_Opaque_OneSided.uexp" 382
"../../../Engine/Content/EngineMaterials/Widget3DPassThrough_Translucent.uasset" 383
"../../../Engine/Content/EngineMaterials/Widget3DPassThrough_Translucent.uexp" 384
"../../../Engine/Content/EngineMaterials/Widget3DPassThrough_Translucent_OneSided.uasset" 385
"../../../Engine/Content/EngineMaterials/Widget3DPassThrough_Translucent_OneSided.uexp" 386
"../../../Engine/Content/EngineMeshes/Cylinder.uasset" 387
"../../../Engine/Content/EngineMeshes/Cylinder.uexp" 388
"../../../Engine/Content/EngineMeshes/Sphere.uasset" 389
"../../../Engine/Content/EngineMeshes/Sphere.uexp" 390
"../../../Engine/Content/EngineResources/DefaultTexture.uasset" 391
"../../../Engine/Content/EngineResources/DefaultTexture.uexp" 392
"../../../Engine/Content/EngineResources/DefaultTexture.ubulk" 393
"../../../Engine/Content/EngineResources/DefaultTextureCube.uasset" 394
"../../../Engine/Content/EngineResources/DefaultTextureCube.uexp" 395
"../../../Engine/Content/EngineResources/DefaultVolumeTexture2D.uasset" 396
"../../../Engine/Content/EngineResources/DefaultVolumeTexture2D.uexp" 397
"../../../Engine/Content/EngineResources/DefaultVolumeTexture.uasset" 398
"../../../Engine/Content/EngineResources/DefaultVolumeTexture.uexp" 399
"../../../Engine/Content/EngineResources/GradientTexture0.uasset" 400
"../../../Engine/Content/EngineResources/GradientTexture0.uexp" 401
"../../../Engine/Content/EngineSky/VolumetricClouds/T_NoiseShape64.uasset" 402
"../../../Engine/Content/EngineSky/VolumetricClouds/T_NoiseShape64.uexp" 403
"../../../Engine/Content/EngineSky/VolumetricClouds/T_NoiseShape64.ubulk" 404
"../../../Engine/Content/EngineSky/VolumetricClouds/T_VolumeNoiseShape64.uasset" 405
"../../../Engine/Content/EngineSky/VolumetricClouds/T_VolumeNoiseShape64.uexp" 406
"../../../Engine/Content/EngineSky/VolumetricClouds/T_NoiseErosion.uasset" 407
"../../../Engine/Content/EngineSky/VolumetricClouds/T_NoiseErosion.uexp" 408
"../../../Engine/Content/EngineSky/VolumetricClouds/T_NoiseErosion.ubulk" 409
"../../../Engine/Content/EngineSky/VolumetricClouds/T_VolumeNoiseErosion32.uasset" 410
"../../../Engine/Content/EngineSky/VolumetricClouds/T_VolumeNoiseErosion32.uexp" 411
"../../../Engine/Content/Functions/Engine_MaterialFunctions02/Utility/MakeFloat2.uasset" 412
"../../../Engine/Content/Functions/Engine_MaterialFunctions02/Utility/MakeFloat2.uexp" 413
"../../../Engine/Content/EngineSky/VolumetricClouds/CloudWeatherTexture.uasset" 414
"../../../Engine/Content/EngineSky/VolumetricClouds/CloudWeatherTexture.uexp" 415
"../../../Engine/Content/EngineSky/VolumetricClouds/CloudGradientTexture.uasset" 416
"../../../Engine/Content/EngineSky/VolumetricClouds/CloudGradientTexture.uexp" 417
"../../../Engine/Content/EngineSky/VolumetricClouds/m_SimpleVolumetricCloud.uasset" 418
"../../../Engine/Content/EngineSky/VolumetricClouds/m_SimpleVolumetricCloud.uexp" 419
"../../../Engine/Content/EngineSky/VolumetricClouds/m_SimpleVolumetricCloud_Inst.uasset" 420
"../../../Engine/Content/EngineSky/VolumetricClouds/m_SimpleVolumetricCloud_Inst.uexp" 421
"../../../Engine/Content/EngineSounds/Master.uasset" 422
"../../../Engine/Content/EngineSounds/Master.uexp" 423
"../../../Engine/Content/Functions/Engine_MaterialFunctions01/Shading/PowerToRoughness.uasset" 424
"../../../Engine/Content/Functions/Engine_MaterialFunctions01/Shading/PowerToRoughness.uexp" 425
"../../../Engine/Content/Maps/Templates/Thumbnails/Default.uasset" 426
"../../../Engine/Content/Maps/Templates/Thumbnails/Default.uexp" 427
"../../../Engine/Content/Maps/Templates/Thumbnails/TimeOfDay.uasset" 428
"../../../Engine/Content/Maps/Templates/Thumbnails/TimeOfDay.uexp" 429
"../../../Engine/Content/Maps/Templates/Thumbnails/VR-Basic.uasset" 430
"../../../Engine/Content/Maps/Templates/Thumbnails/VR-Basic.uexp" 431
"../../../Engine/Content/MobileResources/T_MobileControls_texture.uasset" 432
"../../../Engine/Content/MobileResources/T_MobileControls_texture.uexp" 433
"../../../Engine/Content/MobileResources/T_MobileMenu2.uasset" 434
"../../../Engine/Content/MobileResources/T_MobileMenu2.uexp" 435
"../../../Engine/Content/MobileResources/HUD/AnalogHat.uasset" 436
"../../../Engine/Content/MobileResources/HUD/AnalogHat.uexp" 437
"../../../Engine/Content/MobileResources/HUD/VirtualJoystick_Thumb.uasset" 438
"../../../Engine/Content/MobileResources/HUD/VirtualJoystick_Thumb.uexp" 439
"../../../Engine/Content/MobileResources/HUD/VirtualJoystick_Background.uasset" 440
"../../../Engine/Content/MobileResources/HUD/VirtualJoystick_Background.uexp" 441
"../../../Engine/Content/MobileResources/HUD/DefaultVirtualJoysticks.uasset" 442
"../../../Engine/Content/MobileResources/HUD/DefaultVirtualJoysticks.uexp" 443
"../../../Engine/Content/MobileResources/HUD/LeftVirtualJoystickOnly.uasset" 444
"../../../Engine/Content/MobileResources/HUD/LeftVirtualJoystickOnly.uexp" 445
"../../../Engine/Content/MobileResources/HUD/MobileHUDButton1_off.uasset" 446
"../../../Engine/Content/MobileResources/HUD/MobileHUDButton1_off.uexp" 447
"../../../Engine/Content/MobileResources/HUD/MobileHUDButton1_on.uasset" 448
"../../../Engine/Content/MobileResources/HUD/MobileHUDButton1_on.uexp" 449
"../../../Engine/Content/MobileResources/HUD/MobileHUDButton2_off.uasset" 450
"../../../Engine/Content/MobileResources/HUD/MobileHUDButton2_off.uexp" 451
"../../../Engine/Content/MobileResources/HUD/MobileHUDButton2_on.uasset" 452
"../../../Engine/Content/MobileResources/HUD/MobileHUDButton2_on.uexp" 453
"../../../Engine/Content/MobileResources/HUD/MobileHUDButton3.uasset" 454
"../../../Engine/Content/MobileResources/HUD/MobileHUDButton3.uexp" 455
"../../../Engine/Content/MobileResources/HUD/MobileHUDButtonFire.uasset" 456
"../../../Engine/Content/MobileResources/HUD/MobileHUDButtonFire.uexp" 457
"../../../Engine/Content/MobileResources/HUD/MobileHUDDirectionPad.uasset" 458
"../../../Engine/Content/MobileResources/HUD/MobileHUDDirectionPad.uexp" 459
"../../../Engine/Content/MobileResources/HUD/MobileHUDDirectionPad2.uasset" 460
"../../../Engine/Content/MobileResources/HUD/MobileHUDDirectionPad2.uexp" 461
"../../../Engine/Content/MobileResources/HUD/MobileHUDDirectionPad3.uasset" 462
"../../../Engine/Content/MobileResources/HUD/MobileHUDDirectionPad3.uexp" 463
"../../../Engine/Content/MobileResources/HUD/MobileHUDDirectionStick.uasset" 464
"../../../Engine/Content/MobileResources/HUD/MobileHUDDirectionStick.uexp" 465
"../../../Engine/Content/MobileResources/HUD/T_Castle_ThumbstickInner.uasset" 466
"../../../Engine/Content/MobileResources/HUD/T_Castle_ThumbstickInner.uexp" 467
"../../../Engine/Content/MobileResources/HUD/T_Castle_ThumbstickOutter.uasset" 468
"../../../Engine/Content/MobileResources/HUD/T_Castle_ThumbstickOutter.uexp" 469
"../../../Engine/Content/Tutorial/ContentIntroCurve.uasset" 470
"../../../Engine/Content/Tutorial/ContentIntroCurve.uexp" 471
"../../../Engine/Content/Tutorial/Basics/TutorialAssets/icon_tab_Levels_40x.uasset" 472
"../../../Engine/Content/Tutorial/Basics/TutorialAssets/icon_tab_Levels_40x.uexp" 473
"../../../Engine/Content/Tutorial/BlueprintTutorials/TutorialAssets/Blueprint_64x.uasset" 474
"../../../Engine/Content/Tutorial/BlueprintTutorials/TutorialAssets/Blueprint_64x.uexp" 475
"../../../Engine/Content/Tutorial/Landscape/TutorialAssets/Landscape.uasset" 476
"../../../Engine/Content/Tutorial/Landscape/TutorialAssets/Landscape.uexp" 477
"../../../Engine/Content/VREditor/TransformGizmo/TranslucentTransformGizmoMaterial.uasset" 478
"../../../Engine/Content/VREditor/TransformGizmo/TranslucentTransformGizmoMaterial.uexp" 479
"../../../Engine/Content/VREditor/LaserPointer/VR_LaserPower_01.uasset" 480
"../../../Engine/Content/VREditor/LaserPointer/VR_LaserPower_01.uexp" 481
"../../../Engine/Content/VREditor/LaserPointer/VR_LaserPower_01.ubulk" 482
"../../../Engine/Content/VREditor/TransformGizmo/TransformGizmoMaterial.uasset" 483
"../../../Engine/Content/VREditor/TransformGizmo/TransformGizmoMaterial.uexp" 484
"../../../Engine/Content/VREditor/TransformGizmo/BoundingBoxCorner.uasset" 485
"../../../Engine/Content/VREditor/TransformGizmo/BoundingBoxCorner.uexp" 486
"../../../Engine/Content/VREditor/TransformGizmo/BoundingBoxEdge.uasset" 487
"../../../Engine/Content/VREditor/TransformGizmo/BoundingBoxEdge.uexp" 488
"../../../Engine/Content/VREditor/TransformGizmo/PlaneTranslationHandle.uasset" 489
"../../../Engine/Content/VREditor/TransformGizmo/PlaneTranslationHandle.uexp" 490
"../../../Engine/Content/VREditor/TransformGizmo/Xray.uasset" 491
"../../../Engine/Content/VREditor/TransformGizmo/Xray.uexp" 492
"../../../Engine/Content/VREditor/TransformGizmo/Main.uasset" 493
"../../../Engine/Content/VREditor/TransformGizmo/Main.uexp" 494
"../../../Engine/Content/VREditor/TransformGizmo/SM_Sequencer_Key.uasset" 495
"../../../Engine/Content/VREditor/TransformGizmo/SM_Sequencer_Key.uexp" 496
"../../../Engine/Content/VREditor/TransformGizmo/SM_Sequencer_Node.uasset" 497
"../../../Engine/Content/VREditor/TransformGizmo/SM_Sequencer_Node.uexp" 498
"../../../Engine/Plugins/2D/Paper2D/Content/PlaceholderTextures/DummySpriteTexture.uasset" 499
"../../../Engine/Plugins/2D/Paper2D/Content/PlaceholderTextures/DummySpriteTexture.uexp" 500
"../../../Engine/Plugins/2D/Paper2D/Content/PlaceholderTextures/DummySpriteTexture.ubulk" 501
"../../../Engine/Plugins/2D/Paper2D/Content/DummySprite.uasset" 502
"../../../Engine/Plugins/2D/Paper2D/Content/DummySprite.uexp" 503
"../../../Engine/Plugins/2D/Paper2D/Content/DefaultPaperTerrainMaterial.uasset" 504
"../../../Engine/Plugins/2D/Paper2D/Content/DefaultPaperTerrainMaterial.uexp" 505
"../../../Engine/Plugins/2D/Paper2D/Content/DefaultSpriteMaterial.uasset" 506
"../../../Engine/Plugins/2D/Paper2D/Content/DefaultSpriteMaterial.uexp" 507
"../../../Engine/Plugins/2D/Paper2D/Content/MaskedUnlitSpriteMaterial.uasset" 508
"../../../Engine/Plugins/2D/Paper2D/Content/MaskedUnlitSpriteMaterial.uexp" 509
"../../../Engine/Plugins/2D/Paper2D/Content/OpaqueUnlitSpriteMaterial.uasset" 510
"../../../Engine/Plugins/2D/Paper2D/Content/OpaqueUnlitSpriteMaterial.uexp" 511
"../../../Engine/Content/Functions/Engine_MaterialFunctions02/Utility/BreakOutFloat3Components.uasset" 512
"../../../Engine/Content/Functions/Engine_MaterialFunctions02/Utility/BreakOutFloat3Components.uexp" 513
"../../../Engine/Content/Functions/Engine_MaterialFunctions02/Utility/VectorLength.uasset" 514
"../../../Engine/Content/Functions/Engine_MaterialFunctions02/Utility/VectorLength.uexp" 515
"../../../Engine/Content/Functions/Engine_MaterialFunctions02/WorldPositionOffset/ObjectScale.uasset" 516
"../../../Engine/Content/Functions/Engine_MaterialFunctions02/WorldPositionOffset/ObjectScale.uexp" 517
"../../../Engine/Content/Functions/Engine_MaterialFunctions02/ObjectLocalBounds.uasset" 518
"../../../Engine/Content/Functions/Engine_MaterialFunctions02/ObjectLocalBounds.uexp" 519
"../../../Engine/Plugins/Editor/SpeedTreeImporter/Content/SpeedTree9/UnpackInteger3.uasset" 520
"../../../Engine/Plugins/Editor/SpeedTreeImporter/Content/SpeedTree9/UnpackInteger3.uexp" 521
"../../../Engine/Plugins/Editor/SpeedTreeImporter/Content/SpeedTree9/UnpackDirection.uasset" 522
"../../../Engine/Plugins/Editor/SpeedTreeImporter/Content/SpeedTree9/UnpackDirection.uexp" 523
"../../../Engine/Plugins/Editor/SpeedTreeImporter/Content/SpeedTree9/game_wind_noise.uasset" 524
"../../../Engine/Plugins/Editor/SpeedTreeImporter/Content/SpeedTree9/game_wind_noise.uexp" 525
"../../../Engine/Plugins/Editor/SpeedTreeImporter/Content/SpeedTree9/game_wind_noise.ubulk" 526
"../../../Engine/Content/Functions/Engine_MaterialFunctions02/SafeNormalize.uasset" 527
"../../../Engine/Content/Functions/Engine_MaterialFunctions02/SafeNormalize.uexp" 528
"../../../Engine/Plugins/Editor/SpeedTreeImporter/Content/SpeedTree9/SpeedTreeWindMotion.uasset" 529
"../../../Engine/Plugins/Editor/SpeedTreeImporter/Content/SpeedTree9/SpeedTreeWindMotion.uexp" 530
"../../../Engine/Plugins/Editor/SpeedTreeImporter/Content/SpeedTree9/SpeedTreeBranchMotion.uasset" 531
"../../../Engine/Plugins/Editor/SpeedTreeImporter/Content/SpeedTree9/SpeedTreeBranchMotion.uexp" 532
"../../../Engine/Content/Functions/Engine_MaterialFunctions02/UVs/BoundingBoxBased_0-1_UVW.uasset" 533
"../../../Engine/Content/Functions/Engine_MaterialFunctions02/UVs/BoundingBoxBased_0-1_UVW.uexp" 534
"../../../Engine/Plugins/Editor/SpeedTreeImporter/Content/SpeedTree9/SpeedTreeWind.uasset" 535
"../../../Engine/Plugins/Editor/SpeedTreeImporter/Content/SpeedTree9/SpeedTreeWind.uexp" 536
"../../../Engine/Plugins/Editor/SpeedTreeImporter/Content/SpeedTree9/SpeedTreeBillboard.uasset" 537
"../../../Engine/Plugins/Editor/SpeedTreeImporter/Content/SpeedTree9/SpeedTreeBillboard.uexp" 538
"../../../Engine/Plugins/Editor/SpeedTreeImporter/Content/SpeedTree9/EmptyNormal.uasset" 539
"../../../Engine/Plugins/Editor/SpeedTreeImporter/Content/SpeedTree9/EmptyNormal.uexp" 540
"../../../Engine/Plugins/Editor/SpeedTreeImporter/Content/SpeedTree9/Empty.uasset" 541
"../../../Engine/Plugins/Editor/SpeedTreeImporter/Content/SpeedTree9/Empty.uexp" 542
"../../../Engine/Plugins/Editor/SpeedTreeImporter/Content/SpeedTree9/SpeedTreeBillboardMaster.uasset" 543
"../../../Engine/Plugins/Editor/SpeedTreeImporter/Content/SpeedTree9/SpeedTreeBillboardMaster.uexp" 544
"../../../Engine/Plugins/Editor/SpeedTreeImporter/Content/SpeedTree9/SpeedTreeCameraFacing.uasset" 545
"../../../Engine/Plugins/Editor/SpeedTreeImporter/Content/SpeedTree9/SpeedTreeCameraFacing.uexp" 546
"../../../Engine/Plugins/Editor/SpeedTreeImporter/Content/SpeedTree9/SpeedTreeMaster.uasset" 547
"../../../Engine/Plugins/Editor/SpeedTreeImporter/Content/SpeedTree9/SpeedTreeMaster.uexp" 548
"../../../Engine/Content/BasicShapes/Cylinder.uasset" 549
"../../../Engine/Content/BasicShapes/Cylinder.uexp" 550
"../../../Engine/Content/ArtTools/RenderToTexture/Materials/Debug/M_Emissive_Color.uasset" 551
"../../../Engine/Content/ArtTools/RenderToTexture/Materials/Debug/M_Emissive_Color.uexp" 552
"../../../Engine/Plugins/Lumin/MagicLeapPassableWorld/Content/MagicLeapARPinInfoActor.uasset" 553
"../../../Engine/Plugins/Lumin/MagicLeapPassableWorld/Content/MagicLeapARPinInfoActor.uexp" 554
"../../../Engine/Plugins/Runtime/OpenXR/Content/Devices/GoogleDaydream/MRTexture.uasset" 555
"../../../Engine/Plugins/Runtime/OpenXR/Content/Devices/GoogleDaydream/MRTexture.uexp" 556
"../../../Engine/Plugins/Runtime/OpenXR/Content/Devices/GoogleDaydream/MRTexture.ubulk" 557
"../../../Engine/Plugins/Runtime/OpenXR/Content/Devices/GoogleDaydream/BaseTexture.uasset" 558
"../../../Engine/Plugins/Runtime/OpenXR/Content/Devices/GoogleDaydream/BaseTexture.uexp" 559
"../../../Engine/Plugins/Runtime/OpenXR/Content/Devices/GoogleDaydream/BaseTexture.ubulk" 560
"../../../Engine/Content/EngineResources/Black.uasset" 561
"../../../Engine/Content/EngineResources/Black.uexp" 562
"../../../Engine/Plugins/Runtime/OpenXR/Content/Devices/M_XRController.uasset" 563
"../../../Engine/Plugins/Runtime/OpenXR/Content/Devices/M_XRController.uexp" 564
"../../../Engine/Plugins/Runtime/OpenXR/Content/Devices/GoogleDaydream/MI_GoogleDaydream.uasset" 565
"../../../Engine/Plugins/Runtime/OpenXR/Content/Devices/GoogleDaydream/MI_GoogleDaydream.uexp" 566
"../../../Engine/Plugins/Runtime/OpenXR/Content/Devices/GoogleDaydream/GoogleDaydreamController.uasset" 567
"../../../Engine/Plugins/Runtime/OpenXR/Content/Devices/GoogleDaydream/GoogleDaydreamController.uexp" 568
"../../../Engine/Plugins/Runtime/OpenXR/Content/Devices/HTCVive/BaseTexture.uasset" 569
"../../../Engine/Plugins/Runtime/OpenXR/Content/Devices/HTCVive/BaseTexture.uexp" 570
"../../../Engine/Plugins/Runtime/OpenXR/Content/Devices/HTCVive/BaseTexture.ubulk" 571
"../../../Engine/Plugins/Runtime/OpenXR/Content/Devices/HTCVive/MI_HTCVive.uasset" 572
"../../../Engine/Plugins/Runtime/OpenXR/Content/Devices/HTCVive/MI_HTCVive.uexp" 573
"../../../Engine/Plugins/Runtime/OpenXR/Content/Devices/HTCVive/HTCViveController.uasset" 574
"../../../Engine/Plugins/Runtime/OpenXR/Content/Devices/HTCVive/HTCViveController.uexp" 575
"../../../Engine/Plugins/Runtime/OpenXR/Content/Devices/MicrosoftMixedReality/NormalTexture.uasset" 576
"../../../Engine/Plugins/Runtime/OpenXR/Content/Devices/MicrosoftMixedReality/NormalTexture.uexp" 577
"../../../Engine/Plugins/Runtime/OpenXR/Content/Devices/MicrosoftMixedReality/NormalTexture.ubulk" 578
"../../../Engine/Plugins/Runtime/OpenXR/Content/Devices/MicrosoftMixedReality/MRTexture.uasset" 579
"../../../Engine/Plugins/Runtime/OpenXR/Content/Devices/MicrosoftMixedReality/MRTexture.uexp" 580
"../../../Engine/Plugins/Runtime/OpenXR/Content/Devices/MicrosoftMixedReality/MRTexture.ubulk" 581
"../../../Engine/Plugins/Runtime/OpenXR/Content/Devices/MicrosoftMixedReality/EmissiveTexture.uasset" 582
"../../../Engine/Plugins/Runtime/OpenXR/Content/Devices/MicrosoftMixedReality/EmissiveTexture.uexp" 583
"../../../Engine/Plugins/Runtime/OpenXR/Content/Devices/MicrosoftMixedReality/EmissiveTexture.ubulk" 584
"../../../Engine/Plugins/Runtime/OpenXR/Content/Devices/MicrosoftMixedReality/BaseTexture.uasset" 585
"../../../Engine/Plugins/Runtime/OpenXR/Content/Devices/MicrosoftMixedReality/BaseTexture.uexp" 586
"../../../Engine/Plugins/Runtime/OpenXR/Content/Devices/MicrosoftMixedReality/BaseTexture.ubulk" 587
"../../../Engine/Plugins/Runtime/OpenXR/Content/Devices/MicrosoftMixedReality/MI_MicrosoftMixedReality.uasset" 588
"../../../Engine/Plugins/Runtime/OpenXR/Content/Devices/MicrosoftMixedReality/MI_MicrosoftMixedReality.uexp" 589
"../../../Engine/Plugins/Runtime/OpenXR/Content/Devices/MicrosoftMixedReality/Left/left_MicrosoftMixedRealityController.uasset" 590
"../../../Engine/Plugins/Runtime/OpenXR/Content/Devices/MicrosoftMixedReality/Left/left_MicrosoftMixedRealityController.uexp" 591
"../../../Engine/Plugins/Runtime/OpenXR/Content/Devices/MicrosoftMixedReality/Right/right_MicrosoftMixedRealityController.uasset" 592
"../../../Engine/Plugins/Runtime/OpenXR/Content/Devices/MicrosoftMixedReality/Right/right_MicrosoftMixedRealityController.uexp" 593
"../../../Engine/Plugins/Runtime/OpenXR/Content/Devices/OculusGo/BaseTexture.uasset" 594
"../../../Engine/Plugins/Runtime/OpenXR/Content/Devices/OculusGo/BaseTexture.uexp" 595
"../../../Engine/Plugins/Runtime/OpenXR/Content/Devices/OculusGo/BaseTexture.ubulk" 596
"../../../Engine/Plugins/Runtime/OpenXR/Content/Devices/OculusGo/MI_OculusGo.uasset" 597
"../../../Engine/Plugins/Runtime/OpenXR/Content/Devices/OculusGo/MI_OculusGo.uexp" 598
"../../../Engine/Plugins/Runtime/OpenXR/Content/Devices/OculusGo/OculusGoController.uasset" 599
"../../../Engine/Plugins/Runtime/OpenXR/Content/Devices/OculusGo/OculusGoController.uexp" 600
"../../../Engine/Plugins/Runtime/OpenXR/Content/Devices/OculusTouch/MRTexture.uasset" 601
"../../../Engine/Plugins/Runtime/OpenXR/Content/Devices/OculusTouch/MRTexture.uexp" 602
"../../../Engine/Plugins/Runtime/OpenXR/Content/Devices/OculusTouch/MRTexture.ubulk" 603
"../../../Engine/Plugins/Runtime/OpenXR/Content/Devices/OculusTouch/BaseTexture.uasset" 604
"../../../Engine/Plugins/Runtime/OpenXR/Content/Devices/OculusTouch/BaseTexture.uexp" 605
"../../../Engine/Plugins/Runtime/OpenXR/Content/Devices/OculusTouch/BaseTexture.ubulk" 606
"../../../Engine/Plugins/Runtime/OpenXR/Content/Devices/OculusTouch/MI_OculusTouch.uasset" 607
"../../../Engine/Plugins/Runtime/OpenXR/Content/Devices/OculusTouch/MI_OculusTouch.uexp" 608
"../../../Engine/Plugins/Runtime/OpenXR/Content/Devices/OculusTouch/Left/left_OculusTouchController.uasset" 609
"../../../Engine/Plugins/Runtime/OpenXR/Content/Devices/OculusTouch/Left/left_OculusTouchController.uexp" 610
"../../../Engine/Plugins/Runtime/OpenXR/Content/Devices/OculusTouch/Right/right_OculusTouchController.uasset" 611
"../../../Engine/Plugins/Runtime/OpenXR/Content/Devices/OculusTouch/Right/right_OculusTouchController.uexp" 612
"../../../Engine/Plugins/Runtime/OpenXR/Content/Devices/OculusTouch_v2/MRTexture.uasset" 613
"../../../Engine/Plugins/Runtime/OpenXR/Content/Devices/OculusTouch_v2/MRTexture.uexp" 614
"../../../Engine/Plugins/Runtime/OpenXR/Content/Devices/OculusTouch_v2/MRTexture.ubulk" 615
"../../../Engine/Plugins/Runtime/OpenXR/Content/Devices/OculusTouch_v2/BaseTexture.uasset" 616
"../../../Engine/Plugins/Runtime/OpenXR/Content/Devices/OculusTouch_v2/BaseTexture.uexp" 617
"../../../Engine/Plugins/Runtime/OpenXR/Content/Devices/OculusTouch_v2/BaseTexture.ubulk" 618
"../../../Engine/Plugins/Runtime/OpenXR/Content/Devices/OculusTouch_v2/MI_OculusTouch_v2.uasset" 619
"../../../Engine/Plugins/Runtime/OpenXR/Content/Devices/OculusTouch_v2/MI_OculusTouch_v2.uexp" 620
"../../../Engine/Plugins/Runtime/OpenXR/Content/Devices/OculusTouch_v2/Left/left_OculusTouch_v2Controller.uasset" 621
"../../../Engine/Plugins/Runtime/OpenXR/Content/Devices/OculusTouch_v2/Left/left_OculusTouch_v2Controller.uexp" 622
"../../../Engine/Plugins/Runtime/OpenXR/Content/Devices/OculusTouch_v2/Right/right_OculusTouch_v2Controller.uasset" 623
"../../../Engine/Plugins/Runtime/OpenXR/Content/Devices/OculusTouch_v2/Right/right_OculusTouch_v2Controller.uexp" 624
"../../../Engine/Plugins/Runtime/OpenXR/Content/Devices/OculusTouch_v3/MRTexture.uasset" 625
"../../../Engine/Plugins/Runtime/OpenXR/Content/Devices/OculusTouch_v3/MRTexture.uexp" 626
"../../../Engine/Plugins/Runtime/OpenXR/Content/Devices/OculusTouch_v3/MRTexture.ubulk" 627
"../../../Engine/Plugins/Runtime/OpenXR/Content/Devices/OculusTouch_v3/BaseTexture.uasset" 628
"../../../Engine/Plugins/Runtime/OpenXR/Content/Devices/OculusTouch_v3/BaseTexture.uexp" 629
"../../../Engine/Plugins/Runtime/OpenXR/Content/Devices/OculusTouch_v3/BaseTexture.ubulk" 630
"../../../Engine/Plugins/Runtime/OpenXR/Content/Devices/OculusTouch_v3/MI_OculusTouch_v3.uasset" 631
"../../../Engine/Plugins/Runtime/OpenXR/Content/Devices/OculusTouch_v3/MI_OculusTouch_v3.uexp" 632
"../../../Engine/Plugins/Runtime/OpenXR/Content/Devices/OculusTouch_v3/Left/left_OculusTouch_v3Controller.uasset" 633
"../../../Engine/Plugins/Runtime/OpenXR/Content/Devices/OculusTouch_v3/Left/left_OculusTouch_v3Controller.uexp" 634
"../../../Engine/Plugins/Runtime/OpenXR/Content/Devices/OculusTouch_v3/Right/right_OculusTouch_v3Controller.uasset" 635
"../../../Engine/Plugins/Runtime/OpenXR/Content/Devices/OculusTouch_v3/Right/right_OculusTouch_v3Controller.uexp" 636
"../../../Engine/Plugins/Runtime/OpenXR/Content/Devices/ValveIndex/MRTexture.uasset" 637
"../../../Engine/Plugins/Runtime/OpenXR/Content/Devices/ValveIndex/MRTexture.uexp" 638
"../../../Engine/Plugins/Runtime/OpenXR/Content/Devices/ValveIndex/MRTexture.ubulk" 639
"../../../Engine/Plugins/Runtime/OpenXR/Content/Devices/ValveIndex/BaseTexture.uasset" 640
"../../../Engine/Plugins/Runtime/OpenXR/Content/Devices/ValveIndex/BaseTexture.uexp" 641
"../../../Engine/Plugins/Runtime/OpenXR/Content/Devices/ValveIndex/BaseTexture.ubulk" 642
"../../../Engine/Plugins/Runtime/OpenXR/Content/Devices/ValveIndex/Left/MI_left_ValveIndex.uasset" 643
"../../../Engine/Plugins/Runtime/OpenXR/Content/Devices/ValveIndex/Left/MI_left_ValveIndex.uexp" 644
"../../../Engine/Plugins/Runtime/OpenXR/Content/Devices/ValveIndex/Left/left_ValveIndexController.uasset" 645
"../../../Engine/Plugins/Runtime/OpenXR/Content/Devices/ValveIndex/Left/left_ValveIndexController.uexp" 646
"../../../Engine/Plugins/Runtime/OpenXR/Content/Devices/ValveIndex/Right/MI_right_ValveIndex.uasset" 647
"../../../Engine/Plugins/Runtime/OpenXR/Content/Devices/ValveIndex/Right/MI_right_ValveIndex.uexp" 648
"../../../Engine/Plugins/Runtime/OpenXR/Content/Devices/ValveIndex/Right/right_ValveIndexController.uasset" 649
"../../../Engine/Plugins/Runtime/OpenXR/Content/Devices/ValveIndex/Right/right_ValveIndexController.uexp" 650
"../../../Engine/Content/Functions/Engine_MaterialFunctions02/Utility/MakeFloat3.uasset" 651
"../../../Engine/Content/Functions/Engine_MaterialFunctions02/Utility/MakeFloat3.uexp" 652
"../../../Engine/Content/Functions/Engine_MaterialFunctions02/Utility/BreakOutFloat4Components.uasset" 653
"../../../Engine/Content/Functions/Engine_MaterialFunctions02/Utility/BreakOutFloat4Components.uexp" 654
"../../../Engine/Plugins/Runtime/Oculus/OculusVR/Content/Materials/OculusMR_ChromaKey.uasset" 655
"../../../Engine/Plugins/Runtime/Oculus/OculusVR/Content/Materials/OculusMR_ChromaKey.uexp" 656
"../../../Engine/Plugins/Runtime/Oculus/OculusVR/Content/Materials/OculusMR_OpaqueColoredMaterial.uasset" 657
"../../../Engine/Plugins/Runtime/Oculus/OculusVR/Content/Materials/OculusMR_OpaqueColoredMaterial.uexp" 658
"../../../Engine/Plugins/Runtime/Oculus/OculusVR/Content/Materials/PokeAHoleMaterial.uasset" 659
"../../../Engine/Plugins/Runtime/Oculus/OculusVR/Content/Materials/PokeAHoleMaterial.uexp" 660
"../../../Engine/Plugins/Runtime/Oculus/OculusVR/Content/Textures/touchController_controlmap.uasset" 661
"../../../Engine/Plugins/Runtime/Oculus/OculusVR/Content/Textures/touchController_controlmap.uexp" 662
"../../../Engine/Plugins/Runtime/Oculus/OculusVR/Content/Textures/touchController_controlmap.ubulk" 663
"../../../Engine/Plugins/Runtime/Oculus/OculusVR/Content/Textures/touchController_albedo.uasset" 664
"../../../Engine/Plugins/Runtime/Oculus/OculusVR/Content/Textures/touchController_albedo.uexp" 665
"../../../Engine/Plugins/Runtime/Oculus/OculusVR/Content/Textures/touchController_albedo.ubulk" 666
"../../../Engine/Plugins/Runtime/Oculus/OculusVR/Content/Materials/touchController_mat.uasset" 667
"../../../Engine/Plugins/Runtime/Oculus/OculusVR/Content/Materials/touchController_mat.uexp" 668
"../../../Engine/Plugins/Runtime/Oculus/OculusVR/Content/Meshes/LeftTouchController.uasset" 669
"../../../Engine/Plugins/Runtime/Oculus/OculusVR/Content/Meshes/LeftTouchController.uexp" 670
"../../../Engine/Plugins/Runtime/Oculus/OculusVR/Content/Textures/TouchForQuestRiftSController_albedo.uasset" 671
"../../../Engine/Plugins/Runtime/Oculus/OculusVR/Content/Textures/TouchForQuestRiftSController_albedo.uexp" 672
"../../../Engine/Plugins/Runtime/Oculus/OculusVR/Content/Textures/TouchForQuestRiftSController_albedo.ubulk" 673
"../../../Engine/Plugins/Runtime/Oculus/OculusVR/Content/Materials/TouchForQuestRiftSControllerMaterial.uasset" 674
"../../../Engine/Plugins/Runtime/Oculus/OculusVR/Content/Materials/TouchForQuestRiftSControllerMaterial.uexp" 675
"../../../Engine/Plugins/Runtime/Oculus/OculusVR/Content/Meshes/LeftTouchForQuestRiftSController.uasset" 676
"../../../Engine/Plugins/Runtime/Oculus/OculusVR/Content/Meshes/LeftTouchForQuestRiftSController.uexp" 677
"../../../Engine/Plugins/Runtime/Oculus/OculusVR/Content/Meshes/RiftHMD.uasset" 678
"../../../Engine/Plugins/Runtime/Oculus/OculusVR/Content/Meshes/RiftHMD.uexp" 679
"../../../Engine/Plugins/Runtime/Oculus/OculusVR/Content/Meshes/RightTouchController.uasset" 680
"../../../Engine/Plugins/Runtime/Oculus/OculusVR/Content/Meshes/RightTouchController.uexp" 681
"../../../Engine/Plugins/Runtime/Oculus/OculusVR/Content/Meshes/RightTouchForQuestRiftSController.uasset" 682
"../../../Engine/Plugins/Runtime/Oculus/OculusVR/Content/Meshes/RightTouchForQuestRiftSController.uexp" 683
"V:/Programms/__/Unreal Projects/MystCore/Content/Levels/Lobby/lobby_test_tex.uasset" 684
"V:/Programms/__/Unreal Projects/MystCore/Content/Levels/Lobby/lobby_test_tex.uexp" 685
"V:/Programms/__/Unreal Projects/MystCore/Content/Levels/Lobby/lobby_test_tex.ubulk" 686
"V:/Programms/__/Unreal Projects/MystCore/Content/Levels/Lobby/Mat.uasset" 687
"V:/Programms/__/Unreal Projects/MystCore/Content/Levels/Lobby/Mat.uexp" 688
"V:/Programms/__/Unreal Projects/MystCore/Content/Levels/Lobby/lobby__6_.uasset" 689
"V:/Programms/__/Unreal Projects/MystCore/Content/Levels/Lobby/lobby__6_.uexp" 690
"../../../Engine/Plugins/FX/Niagara/Content/VectorFields/Assets/TilingCurl32.uasset" 691
"../../../Engine/Plugins/FX/Niagara/Content/VectorFields/Assets/TilingCurl32.uexp" 692
"../../../Engine/Plugins/FX/Niagara/Content/Enums/Ribbons/ENiagara_UnsetDirectSetRandom.uasset" 693
"../../../Engine/Plugins/FX/Niagara/Content/Enums/Ribbons/ENiagara_UnsetDirectSetRandom.uexp" 694
"../../../Engine/Plugins/FX/Niagara/Content/Enums/ENiagaraVector2_Channels.uasset" 695
"../../../Engine/Plugins/FX/Niagara/Content/Enums/ENiagaraVector2_Channels.uexp" 696
"../../../Engine/Plugins/FX/Niagara/Content/Enums/ENiagaraTorusMode.uasset" 697
"../../../Engine/Plugins/FX/Niagara/Content/Enums/ENiagaraTorusMode.uexp" 698
"../../../Engine/Plugins/FX/Niagara/Content/Enums/ENiagaraTorusDistributionMode.uasset" 699
"../../../Engine/Plugins/FX/Niagara/Content/Enums/ENiagaraTorusDistributionMode.uexp" 700
"../../../Engine/Plugins/FX/Niagara/Content/Enums/ENiagaraSystemInactiveMode.uasset" 701
"../../../Engine/Plugins/FX/Niagara/Content/Enums/ENiagaraSystemInactiveMode.uexp" 702
"../../../Engine/Plugins/FX/Niagara/Content/Enums/ENiagaraRandomnessMode.uasset" 703
"../../../Engine/Plugins/FX/Niagara/Content/Enums/ENiagaraRandomnessMode.uexp" 704
"../../../Engine/Plugins/FX/Niagara/Content/Enums/ENiagaraRandomnessEvaluation.uasset" 705
"../../../Engine/Plugins/FX/Niagara/Content/Enums/ENiagaraRandomnessEvaluation.uexp" 706
"../../../Engine/Plugins/FX/Niagara/Content/Enums/ENiagaraMeshTransforms.uasset" 707
"../../../Engine/Plugins/FX/Niagara/Content/Enums/ENiagaraMeshTransforms.uexp" 708
"../../../Engine/Plugins/FX/Niagara/Content/Enums/ENiagaraInactiveMode.uasset" 709
"../../../Engine/Plugins/FX/Niagara/Content/Enums/ENiagaraInactiveMode.uexp" 710
"../../../Engine/Plugins/FX/Niagara/Content/Enums/ENiagaraExpansionMode.uasset" 711
"../../../Engine/Plugins/FX/Niagara/Content/Enums/ENiagaraExpansionMode.uexp" 712
"../../../Engine/Plugins/FX/Niagara/Content/Enums/ENiagaraEmitterScalabilityMode_Limited.uasset" 713
"../../../Engine/Plugins/FX/Niagara/Content/Enums/ENiagaraEmitterScalabilityMode_Limited.uexp" 714
"../../../Engine/Plugins/FX/Niagara/Content/Enums/ENiagaraEmitterLifeCycleMode.uasset" 715
"../../../Engine/Plugins/FX/Niagara/Content/Enums/ENiagaraEmitterLifeCycleMode.uexp" 716
"../../../Engine/Plugins/FX/Niagara/Content/Enums/ENiagaraCurlNoiseQuality.uasset" 717
"../../../Engine/Plugins/FX/Niagara/Content/Enums/ENiagaraCurlNoiseQuality.uexp" 718
"../../../Engine/Plugins/FX/Niagara/Content/Enums/ENiagaraChannelCorrelation.uasset" 719
"../../../Engine/Plugins/FX/Niagara/Content/Enums/ENiagaraChannelCorrelation.uexp" 720
"../../../Engine/Plugins/FX/Niagara/Content/Enums/ENiagara_UVFlippingMode.uasset" 721
"../../../Engine/Plugins/FX/Niagara/Content/Enums/ENiagara_UVFlippingMode.uexp" 722
"../../../Engine/Plugins/FX/Niagara/Content/Enums/ENiagara_SpriteRotationMode.uasset" 723
"../../../Engine/Plugins/FX/Niagara/Content/Enums/ENiagara_SpriteRotationMode.uexp" 724
"../../../Engine/Plugins/FX/Niagara/Content/Enums/ENiagara_SizeScaleMode.uasset" 725
"../../../Engine/Plugins/FX/Niagara/Content/Enums/ENiagara_SizeScaleMode.uexp" 726
"../../../Engine/Plugins/FX/Niagara/Content/Enums/ENiagara_PositionInitializationMode.uasset" 727
"../../../Engine/Plugins/FX/Niagara/Content/Enums/ENiagara_PositionInitializationMode.uexp" 728
"../../../Engine/Plugins/FX/Niagara/Content/Enums/ENiagara_MassInitializationMode.uasset" 729
"../../../Engine/Plugins/FX/Niagara/Content/Enums/ENiagara_MassInitializationMode.uexp" 730
"../../../Engine/Plugins/FX/Niagara/Content/Enums/ENiagara_LifetimeMode.uasset" 731
"../../../Engine/Plugins/FX/Niagara/Content/Enums/ENiagara_LifetimeMode.uexp" 732
"../../../Engine/Plugins/FX/Niagara/Content/Enums/ENiagara_InfiniteLoopDuration.uasset" 733
"../../../Engine/Plugins/FX/Niagara/Content/Enums/ENiagara_InfiniteLoopDuration.uexp" 734
"../../../Engine/Plugins/FX/Niagara/Content/Enums/ENiagara_EmitterStateOptions.uasset" 735
"../../../Engine/Plugins/FX/Niagara/Content/Enums/ENiagara_EmitterStateOptions.uexp" 736
"../../../Engine/Plugins/FX/Niagara/Content/Enums/ENiagara_ColorInitializationMode.uasset" 737
"../../../Engine/Plugins/FX/Niagara/Content/Enums/ENiagara_ColorInitializationMode.uexp" 738
"../../../Engine/Plugins/FX/Niagara/Content/Functions/Localspace/TransformBase.uasset" 739
"../../../Engine/Plugins/FX/Niagara/Content/Functions/Localspace/TransformBase.uexp" 740
"../../../Engine/Plugins/FX/Niagara/Content/Functions/Localspace/TransformVector.uasset" 741
"../../../Engine/Plugins/FX/Niagara/Content/Functions/Localspace/TransformVector.uexp" 742
"../../../Engine/Plugins/FX/Niagara/Content/Functions/DirectionAndLengthSafe.uasset" 743
"../../../Engine/Plugins/FX/Niagara/Content/Functions/DirectionAndLengthSafe.uexp" 744
"../../../Engine/Plugins/FX/Niagara/Content/Functions/NormalizeDistanceRange.uasset" 745
"../../../Engine/Plugins/FX/Niagara/Content/Functions/NormalizeDistanceRange.uexp" 746
"../../../Engine/Plugins/FX/Niagara/Content/Functions/Localspace/SimulationPosition.uasset" 747
"../../../Engine/Plugins/FX/Niagara/Content/Functions/Localspace/SimulationPosition.uexp" 748
"../../../Engine/Plugins/FX/Niagara/Content/Modules/Update/Velocity/VortexVelocity.uasset" 749
"../../../Engine/Plugins/FX/Niagara/Content/Modules/Update/Velocity/VortexVelocity.uexp" 750
"../../../Engine/Plugins/FX/Niagara/Content/Modules/Update/Size/ScaleMeshSize.uasset" 751
"../../../Engine/Plugins/FX/Niagara/Content/Modules/Update/Size/ScaleMeshSize.uexp" 752
"../../../Engine/Plugins/FX/Niagara/Content/Modules/Update/Material/DynamicMaterialParameters.uasset" 753
"../../../Engine/Plugins/FX/Niagara/Content/Modules/Update/Material/DynamicMaterialParameters.uexp" 754
"../../../Engine/Plugins/FX/Niagara/Content/Modules/Update/Lifetime/ParticleState.uasset" 755
"../../../Engine/Plugins/FX/Niagara/Content/Modules/Update/Lifetime/ParticleState.uexp" 756
"../../../Engine/Plugins/FX/Niagara/Content/Functions/Localspace/TransformPosition.uasset" 757
"../../../Engine/Plugins/FX/Niagara/Content/Functions/Localspace/TransformPosition.uexp" 758
"../../../Engine/Plugins/FX/Niagara/Content/Modules/Update/Forces/V2/PointAttractionForce.uasset" 759
"../../../Engine/Plugins/FX/Niagara/Content/Modules/Update/Forces/V2/PointAttractionForce.uexp" 760
"../../../Engine/Plugins/FX/Niagara/Content/Modules/Update/Color/Color.uasset" 761
"../../../Engine/Plugins/FX/Niagara/Content/Modules/Update/Color/Color.uexp" 762
"../../../Engine/Plugins/FX/Niagara/Content/Functions/System/SystemChangeState.uasset" 763
"../../../Engine/Plugins/FX/Niagara/Content/Functions/System/SystemChangeState.uexp" 764
"../../../Engine/Plugins/FX/Niagara/Content/Modules/System/SystemState.uasset" 765
"../../../Engine/Plugins/FX/Niagara/Content/Modules/System/SystemState.uexp" 766
"../../../Engine/Plugins/FX/Niagara/Content/Modules/Spawn/Velocity/AddVelocity.uasset" 767
"../../../Engine/Plugins/FX/Niagara/Content/Modules/Spawn/Velocity/AddVelocity.uexp" 768
"../../../Engine/Plugins/FX/Niagara/Content/Functions/Rotation/MultiplyQuaternion.uasset" 769
"../../../Engine/Plugins/FX/Niagara/Content/Functions/Rotation/MultiplyQuaternion.uexp" 770
"../../../Engine/Plugins/FX/Niagara/Content/Functions/Rotation/AxisAngleToQuaternion.uasset" 771
"../../../Engine/Plugins/FX/Niagara/Content/Functions/Rotation/AxisAngleToQuaternion.uexp" 772
"../../../Engine/Plugins/FX/Niagara/Content/Modules/Solvers/ApplyRotationVector.uasset" 773
"../../../Engine/Plugins/FX/Niagara/Content/Modules/Solvers/ApplyRotationVector.uexp" 774
"../../../Engine/Plugins/FX/Niagara/Content/Functions/Rotation/FindQuatBetween.uasset" 775
"../../../Engine/Plugins/FX/Niagara/Content/Functions/Rotation/FindQuatBetween.uexp" 776
"../../../Engine/Plugins/FX/Niagara/Content/Modules/Spawn/Orientation/V3/InitialMeshOrientation.uasset" 777
"../../../Engine/Plugins/FX/Niagara/Content/Modules/Spawn/Orientation/V3/InitialMeshOrientation.uexp" 778
"../../../Engine/Plugins/FX/Niagara/Content/Functions/GetRandomInfo.uasset" 779
"../../../Engine/Plugins/FX/Niagara/Content/Functions/GetRandomInfo.uexp" 780
"../../../Engine/Plugins/FX/Niagara/Content/Functions/RandomRange.uasset" 781
"../../../Engine/Plugins/FX/Niagara/Content/Functions/RandomRange.uexp" 782
"../../../Engine/Plugins/FX/Niagara/Content/Functions/PolarToCartesianCoordinates.uasset" 783
"../../../Engine/Plugins/FX/Niagara/Content/Functions/PolarToCartesianCoordinates.uexp" 784
"../../../Engine/Plugins/FX/Niagara/Content/Functions/ParametricTorusKnot.uasset" 785
"../../../Engine/Plugins/FX/Niagara/Content/Functions/ParametricTorusKnot.uexp" 786
"../../../Engine/Plugins/FX/Niagara/Content/Functions/ParametricTorus.uasset" 787
"../../../Engine/Plugins/FX/Niagara/Content/Functions/ParametricTorus.uexp" 788
"../../../Engine/Plugins/FX/Niagara/Content/Functions/Rotation/MultiplyVectorWithQuaternion.uasset" 789
"../../../Engine/Plugins/FX/Niagara/Content/Functions/Rotation/MultiplyVectorWithQuaternion.uexp" 790
"../../../Engine/Plugins/FX/Niagara/Content/Modules/Spawn/Location/TorusLocation.uasset" 791
"../../../Engine/Plugins/FX/Niagara/Content/Modules/Spawn/Location/TorusLocation.uexp" 792
"../../../Engine/Plugins/FX/Niagara/Content/Functions/RandomRangeFloat.uasset" 793
"../../../Engine/Plugins/FX/Niagara/Content/Functions/RandomRangeFloat.uexp" 794
"../../../Engine/Plugins/FX/Niagara/Content/Functions/RandomPointInBox.uasset" 795
"../../../Engine/Plugins/FX/Niagara/Content/Functions/RandomPointInBox.uexp" 796
"../../../Engine/Plugins/FX/Niagara/Content/Functions/IsolateLongestVectorComponent.uasset" 797
"../../../Engine/Plugins/FX/Niagara/Content/Functions/IsolateLongestVectorComponent.uexp" 798
"../../../Engine/Plugins/FX/Niagara/Content/Functions/Rotation/RotateAngleOnAxis.uasset" 799
"../../../Engine/Plugins/FX/Niagara/Content/Functions/Rotation/RotateAngleOnAxis.uexp" 800
"../../../Engine/Plugins/FX/Niagara/Content/Modules/Spawn/Location/BoxLocation.uasset" 801
"../../../Engine/Plugins/FX/Niagara/Content/Modules/Spawn/Location/BoxLocation.uexp" 802
"../../../Engine/Plugins/FX/Niagara/Content/Functions/V2/CalculateRandomRangeInteger.uasset" 803
"../../../Engine/Plugins/FX/Niagara/Content/Functions/V2/CalculateRandomRangeInteger.uexp" 804
"../../../Engine/Plugins/FX/Niagara/Content/Functions/V2/CalculateRandomBool.uasset" 805
"../../../Engine/Plugins/FX/Niagara/Content/Functions/V2/CalculateRandomBool.uexp" 806
"../../../Engine/Plugins/FX/Niagara/Content/Functions/LinearColor/HueShiftLinearColor.uasset" 807
"../../../Engine/Plugins/FX/Niagara/Content/Functions/LinearColor/HueShiftLinearColor.uexp" 808
"../../../Engine/Plugins/FX/Niagara/Content/Functions/V2/CalculateRandomRangeFloat.uasset" 809
"../../../Engine/Plugins/FX/Niagara/Content/Functions/V2/CalculateRandomRangeFloat.uexp" 810
"../../../Engine/Plugins/FX/Niagara/Content/Functions/V2/CalculateRandomRange.uasset" 811
"../../../Engine/Plugins/FX/Niagara/Content/Functions/V2/CalculateRandomRange.uexp" 812
"../../../Engine/Plugins/FX/Niagara/Content/Modules/Spawn/Initialization/V2/InitializeParticle.uasset" 813
"../../../Engine/Plugins/FX/Niagara/Content/Modules/Spawn/Initialization/V2/InitializeParticle.uexp" 814
"../../../Engine/Plugins/FX/Niagara/Content/Modules/Solvers/SolveForcesAndVelocity.uasset" 815
"../../../Engine/Plugins/FX/Niagara/Content/Modules/Solvers/SolveForcesAndVelocity.uexp" 816
"../../../Engine/Plugins/FX/Niagara/Content/Modules/Emitter/SpawnRate.uasset" 817
"../../../Engine/Plugins/FX/Niagara/Content/Modules/Emitter/SpawnRate.uexp" 818
"../../../Engine/Plugins/FX/Niagara/Content/Functions/Emitter/EmitterChangeState.uasset" 819
"../../../Engine/Plugins/FX/Niagara/Content/Functions/Emitter/EmitterChangeState.uexp" 820
"../../../Engine/Plugins/FX/Niagara/Content/Enums/ENiagaraExecutionStateManagement.uasset" 821
"../../../Engine/Plugins/FX/Niagara/Content/Enums/ENiagaraExecutionStateManagement.uexp" 822
"../../../Engine/Plugins/FX/Niagara/Content/Modules/Emitter/EmitterState.uasset" 823
"../../../Engine/Plugins/FX/Niagara/Content/Modules/Emitter/EmitterState.uexp" 824
"../../../Engine/Plugins/FX/Niagara/Content/DynamicInputs/ValueFromCurve/FloatFromCurve.uasset" 825
"../../../Engine/Plugins/FX/Niagara/Content/DynamicInputs/ValueFromCurve/FloatFromCurve.uexp" 826
"../../../Engine/Plugins/FX/Niagara/Content/DynamicInputs/ValueFromCurve/ColorFromCurve.uasset" 827
"../../../Engine/Plugins/FX/Niagara/Content/DynamicInputs/ValueFromCurve/ColorFromCurve.uexp" 828
"../../../Engine/Plugins/FX/Niagara/Content/DynamicInputs/UniformRange/V2/RandomRangeVector2D.uasset" 829
"../../../Engine/Plugins/FX/Niagara/Content/DynamicInputs/UniformRange/V2/RandomRangeVector2D.uexp" 830
"../../../Engine/Plugins/FX/Niagara/Content/DynamicInputs/UniformRange/V2/RandomRangeVector.uasset" 831
"../../../Engine/Plugins/FX/Niagara/Content/DynamicInputs/UniformRange/V2/RandomRangeVector.uexp" 832
"../../../Engine/Plugins/FX/Niagara/Content/DynamicInputs/UniformRange/V2/RandomRangeFloat.uasset" 833
"../../../Engine/Plugins/FX/Niagara/Content/DynamicInputs/UniformRange/V2/RandomRangeFloat.uexp" 834
"../../../Engine/Plugins/FX/Niagara/Content/DynamicInputs/TypeConversions/VectorFromFloat.uasset" 835
"../../../Engine/Plugins/FX/Niagara/Content/DynamicInputs/TypeConversions/VectorFromFloat.uexp" 836
"../../../Engine/Plugins/FX/Niagara/Content/Functions/ChannelMasks/SelectV2Channel.uasset" 837
"../../../Engine/Plugins/FX/Niagara/Content/Functions/ChannelMasks/SelectV2Channel.uexp" 838
"../../../Engine/Plugins/FX/Niagara/Content/DynamicInputs/TypeConversions/MakeFloatFromVector2d.uasset" 839
"../../../Engine/Plugins/FX/Niagara/Content/DynamicInputs/TypeConversions/MakeFloatFromVector2d.uexp" 840
"../../../Engine/Plugins/FX/Niagara/Content/DynamicInputs/Multiply/Multiply_Float.uasset" 841
"../../../Engine/Plugins/FX/Niagara/Content/DynamicInputs/Multiply/Multiply_Float.uexp" 842
"../../../Engine/Plugins/FX/Niagara/Content/VectorFields/Assets/TilingCurl64.uasset" 843
"../../../Engine/Plugins/FX/Niagara/Content/VectorFields/Assets/TilingCurl64.uexp" 844
"../../../Engine/Plugins/FX/Niagara/Content/VectorFields/Assets/TilingCurl16.uasset" 845
"../../../Engine/Plugins/FX/Niagara/Content/VectorFields/Assets/TilingCurl16.uexp" 846
"../../../Engine/Plugins/FX/Niagara/Content/Functions/FindAngleBetweenVectors.uasset" 847
"../../../Engine/Plugins/FX/Niagara/Content/Functions/FindAngleBetweenVectors.uexp" 848
"../../../Engine/Plugins/FX/Niagara/Content/Functions/V2/RemapRange.uasset" 849
"../../../Engine/Plugins/FX/Niagara/Content/Functions/V2/RemapRange.uexp" 850
"../../../Engine/Plugins/FX/Niagara/Content/Functions/V2/ConeMask.uasset" 851
"../../../Engine/Plugins/FX/Niagara/Content/Functions/V2/ConeMask.uexp" 852
"../../../Engine/Plugins/FX/Niagara/Content/Modules/Update/Forces/V2/CurlNoiseForce.uasset" 853
"../../../Engine/Plugins/FX/Niagara/Content/Modules/Update/Forces/V2/CurlNoiseForce.uexp" 854
"../../../Engine/Plugins/FX/Niagara/Content/DefaultAssets/DefaultSpriteMaterial.uasset" 855
"../../../Engine/Plugins/FX/Niagara/Content/DefaultAssets/DefaultSpriteMaterial.uexp" 856
"../../../Engine/Content/Functions/Engine_MaterialFunctions01/Density/ExponentialDensity.uasset" 857
"../../../Engine/Content/Functions/Engine_MaterialFunctions01/Density/ExponentialDensity.uexp" 858
"../../../Engine/Content/Functions/Engine_MaterialFunctions01/Gradient/RadialGradientExponential.uasset" 859
"../../../Engine/Content/Functions/Engine_MaterialFunctions01/Gradient/RadialGradientExponential.uexp" 860
"V:/Programms/__/Unreal Projects/MystCore/Content/Levels/Lobby/Portal/RadialMaterial.uasset" 861
"V:/Programms/__/Unreal Projects/MystCore/Content/Levels/Lobby/Portal/RadialMaterial.uexp" 862
"V:/Programms/__/Unreal Projects/MystCore/Content/Levels/Lobby/Portal/Planar.uasset" 863
"V:/Programms/__/Unreal Projects/MystCore/Content/Levels/Lobby/Portal/Planar.uexp" 864
"V:/Programms/__/Unreal Projects/MystCore/Content/Levels/Lobby/Portal/rgb_smoke_texture.uasset" 865
"V:/Programms/__/Unreal Projects/MystCore/Content/Levels/Lobby/Portal/rgb_smoke_texture.uexp" 866
"V:/Programms/__/Unreal Projects/MystCore/Content/Levels/Lobby/Portal/InnerSmokeMaterial.uasset" 867
"V:/Programms/__/Unreal Projects/MystCore/Content/Levels/Lobby/Portal/InnerSmokeMaterial.uexp" 868
"V:/Programms/__/Unreal Projects/MystCore/Content/Levels/Lobby/Portal/PortalFX.uasset" 869
"V:/Programms/__/Unreal Projects/MystCore/Content/Levels/Lobby/Portal/PortalFX.uexp" 870
"V:/Programms/__/Unreal Projects/MystCore/Content/Levels/Lobby/LobbyLevel_BuiltData.uasset" 871
"V:/Programms/__/Unreal Projects/MystCore/Content/Levels/Lobby/LobbyLevel_BuiltData.uexp" 872
"V:/Programms/__/Unreal Projects/MystCore/Content/Levels/Lobby/LobbyLevel_BuiltData.ubulk" 873
"V:/Programms/__/Unreal Projects/MystCore/Content/Geometry/Meshes/1M_Cube.uasset" 874
"V:/Programms/__/Unreal Projects/MystCore/Content/Geometry/Meshes/1M_Cube.uexp" 875
"V:/Programms/__/Unreal Projects/MystCore/Content/Levels/Lobby/LobbyLevel.uexp" 876
"V:/Programms/__/Unreal Projects/MystCore/Content/Levels/Lobby/LobbyLevel.umap" 877
"V:/Programms/__/Unreal Projects/MystCore/Content/Structures/beacon_aio_Skeleton.uasset" 878
"V:/Programms/__/Unreal Projects/MystCore/Content/Structures/beacon_aio_Skeleton.uexp" 879
"V:/Programms/__/Unreal Projects/MystCore/Content/Structures/beacon_aio_PhysicsAsset.uasset" 880
"V:/Programms/__/Unreal Projects/MystCore/Content/Structures/beacon_aio_PhysicsAsset.uexp" 881
"V:/Programms/__/Unreal Projects/MystCore/Content/Structures/Mat_2.uasset" 882
"V:/Programms/__/Unreal Projects/MystCore/Content/Structures/Mat_2.uexp" 883
"V:/Programms/__/Unreal Projects/MystCore/Content/Structures/Mat.uasset" 884
"V:/Programms/__/Unreal Projects/MystCore/Content/Structures/Mat.uexp" 885
"V:/Programms/__/Unreal Projects/MystCore/Content/Structures/beacon_aio.uasset" 886
"V:/Programms/__/Unreal Projects/MystCore/Content/Structures/beacon_aio.uexp" 887
"../../../Engine/Content/EngineSky/T_Sky_Stars.uasset" 888
"../../../Engine/Content/EngineSky/T_Sky_Stars.uexp" 889
"../../../Engine/Content/EngineSky/T_Sky_Stars.ubulk" 890
"../../../Engine/Content/EngineSky/T_Sky_Clouds_M.uasset" 891
"../../../Engine/Content/EngineSky/T_Sky_Clouds_M.uexp" 892
"../../../Engine/Content/EngineSky/T_Sky_Clouds_M.ubulk" 893
"../../../Engine/Content/EngineSky/T_Sky_Blue.uasset" 894
"../../../Engine/Content/EngineSky/T_Sky_Blue.uexp" 895
"../../../Engine/Content/EngineSky/T_Sky_Blue.ubulk" 896
"../../../Engine/Content/BasicShapes/Cube.uasset" 897
"../../../Engine/Content/BasicShapes/Cube.uexp" 898
"../../../Engine/Content/EngineSky/M_Sky_Panning_Clouds2.uasset" 899
"../../../Engine/Content/EngineSky/M_Sky_Panning_Clouds2.uexp" 900
"../../../Engine/Content/BasicShapes/BasicShapeMaterial.uasset" 901
"../../../Engine/Content/BasicShapes/BasicShapeMaterial.uexp" 902
"V:/Programms/__/Unreal Projects/MystCore/Content/Levels/SteamPunk/SteamPunkLevel_BuiltData.uasset" 903
"V:/Programms/__/Unreal Projects/MystCore/Content/Levels/SteamPunk/SteamPunkLevel_BuiltData.uexp" 904
"V:/Programms/__/Unreal Projects/MystCore/Content/Levels/SteamPunk/SteamPunkLevel_BuiltData.ubulk" 905
"../../../Engine/Content/EngineSky/SM_SkySphere.uasset" 906
"../../../Engine/Content/EngineSky/SM_SkySphere.uexp" 907
"../../../Engine/Content/EngineSky/C_Sky_Zenith_Color.uasset" 908
"../../../Engine/Content/EngineSky/C_Sky_Zenith_Color.uexp" 909
"../../../Engine/Content/EngineSky/C_Sky_Horizon_Color.uasset" 910
"../../../Engine/Content/EngineSky/C_Sky_Horizon_Color.uexp" 911
"../../../Engine/Content/EngineSky/C_Sky_Cloud_Color.uasset" 912
"../../../Engine/Content/EngineSky/C_Sky_Cloud_Color.uexp" 913
"../../../Engine/Content/EngineSky/BP_Sky_Sphere.uasset" 914
"../../../Engine/Content/EngineSky/BP_Sky_Sphere.uexp" 915
"V:/Programms/__/Unreal Projects/MystCore/Content/Levels/SteamPunk/SteamPunkLevel.uexp" 916
"V:/Programms/__/Unreal Projects/MystCore/Content/Levels/SteamPunk/SteamPunkLevel.umap" 917
"../../../Engine/Content/Maps/Entry_BuiltData.uasset" 918
"../../../Engine/Content/Maps/Entry_BuiltData.uexp" 919
"../../../Engine/Content/Maps/Entry.uexp" 920
"../../../Engine/Content/Maps/Entry.umap" 921
